<?xml version="1.0" encoding="UTF-8"?>
<coverage generated="1778879996">
  <project timestamp="1778879996">
    <file name="/home/sites/phlex/src/Auth/AuthManager.php">
      <class name="Phlex\Auth\AuthManager" namespace="global">
        <metrics complexity="21" methods="8" coveredmethods="0" conditionals="0" coveredconditionals="0" statements="81" coveredstatements="0" elements="89" coveredelements="0"/>
      </class>
      <line num="17" type="method" name="__construct" visibility="public" complexity="1" crap="2" count="0"/>
      <line num="23" type="stmt" count="0"/>
      <line num="24" type="stmt" count="0"/>
      <line num="25" type="stmt" count="0"/>
      <line num="26" type="stmt" count="0"/>
      <line num="29" type="method" name="createDefaultLogger" visibility="private" complexity="1" crap="2" count="0"/>
      <line num="31" type="stmt" count="0"/>
      <line num="32" type="stmt" count="0"/>
      <line num="34" type="stmt" count="0"/>
      <line num="35" type="stmt" count="0"/>
      <line num="36" type="stmt" count="0"/>
      <line num="37" type="stmt" count="0"/>
      <line num="38" type="stmt" count="0"/>
      <line num="39" type="stmt" count="0"/>
      <line num="40" type="stmt" count="0"/>
      <line num="41" type="stmt" count="0"/>
      <line num="42" type="stmt" count="0"/>
      <line num="43" type="stmt" count="0"/>
      <line num="44" type="stmt" count="0"/>
      <line num="45" type="stmt" count="0"/>
      <line num="46" type="stmt" count="0"/>
      <line num="47" type="stmt" count="0"/>
      <line num="49" type="stmt" count="0"/>
      <line num="52" type="method" name="register" visibility="public" complexity="7" crap="56" count="0"/>
      <line num="55" type="stmt" count="0"/>
      <line num="56" type="stmt" count="0"/>
      <line num="59" type="stmt" count="0"/>
      <line num="60" type="stmt" count="0"/>
      <line num="63" type="stmt" count="0"/>
      <line num="64" type="stmt" count="0"/>
      <line num="68" type="stmt" count="0"/>
      <line num="69" type="stmt" count="0"/>
      <line num="72" type="stmt" count="0"/>
      <line num="73" type="stmt" count="0"/>
      <line num="77" type="stmt" count="0"/>
      <line num="78" type="stmt" count="0"/>
      <line num="79" type="stmt" count="0"/>
      <line num="80" type="stmt" count="0"/>
      <line num="81" type="stmt" count="0"/>
      <line num="82" type="stmt" count="0"/>
      <line num="84" type="stmt" count="0"/>
      <line num="86" type="stmt" count="0"/>
      <line num="89" type="method" name="login" visibility="public" complexity="3" crap="12" count="0"/>
      <line num="91" type="stmt" count="0"/>
      <line num="93" type="stmt" count="0"/>
      <line num="94" type="stmt" count="0"/>
      <line num="95" type="stmt" count="0"/>
      <line num="96" type="stmt" count="0"/>
      <line num="97" type="stmt" count="0"/>
      <line num="98" type="stmt" count="0"/>
      <line num="102" type="stmt" count="0"/>
      <line num="104" type="stmt" count="0"/>
      <line num="106" type="stmt" count="0"/>
      <line num="108" type="stmt" count="0"/>
      <line num="111" type="method" name="refreshToken" visibility="public" complexity="3" crap="12" count="0"/>
      <line num="113" type="stmt" count="0"/>
      <line num="114" type="stmt" count="0"/>
      <line num="117" type="stmt" count="0"/>
      <line num="118" type="stmt" count="0"/>
      <line num="119" type="stmt" count="0"/>
      <line num="122" type="stmt" count="0"/>
      <line num="124" type="stmt" count="0"/>
      <line num="127" type="method" name="validateAccessToken" visibility="public" complexity="3" crap="12" count="0"/>
      <line num="129" type="stmt" count="0"/>
      <line num="130" type="stmt" count="0"/>
      <line num="133" type="stmt" count="0"/>
      <line num="134" type="stmt" count="0"/>
      <line num="135" type="stmt" count="0"/>
      <line num="138" type="stmt" count="0"/>
      <line num="139" type="stmt" count="0"/>
      <line num="140" type="stmt" count="0"/>
      <line num="141" type="stmt" count="0"/>
      <line num="144" type="method" name="getUser" visibility="public" complexity="2" crap="6" count="0"/>
      <line num="146" type="stmt" count="0"/>
      <line num="147" type="stmt" count="0"/>
      <line num="148" type="stmt" count="0"/>
      <line num="151" type="stmt" count="0"/>
      <line num="152" type="stmt" count="0"/>
      <line num="155" type="method" name="createAuthResponse" visibility="private" complexity="1" crap="2" count="0"/>
      <line num="157" type="stmt" count="0"/>
      <line num="158" type="stmt" count="0"/>
      <line num="159" type="stmt" count="0"/>
      <line num="161" type="stmt" count="0"/>
      <line num="162" type="stmt" count="0"/>
      <line num="163" type="stmt" count="0"/>
      <line num="164" type="stmt" count="0"/>
      <line num="165" type="stmt" count="0"/>
      <line num="166" type="stmt" count="0"/>
      <line num="167" type="stmt" count="0"/>
      <metrics loc="169" ncloc="165" classes="1" methods="8" coveredmethods="0" conditionals="0" coveredconditionals="0" statements="81" coveredstatements="0" elements="89" coveredelements="0"/>
    </file>
    <file name="/home/sites/phlex/src/Auth/JwtHandler.php">
      <class name="Phlex\Auth\JwtHandler" namespace="global">
        <metrics complexity="17" methods="11" coveredmethods="10" conditionals="0" coveredconditionals="0" statements="62" coveredstatements="61" elements="73" coveredelements="71"/>
      </class>
      <line num="12" type="method" name="__construct" visibility="public" complexity="1" crap="1" count="10"/>
      <line num="18" type="stmt" count="10"/>
      <line num="19" type="stmt" count="10"/>
      <line num="20" type="stmt" count="10"/>
      <line num="21" type="stmt" count="10"/>
      <line num="24" type="method" name="createAccessToken" visibility="public" complexity="1" crap="1" count="8"/>
      <line num="26" type="stmt" count="8"/>
      <line num="27" type="stmt" count="8"/>
      <line num="28" type="stmt" count="8"/>
      <line num="29" type="stmt" count="8"/>
      <line num="30" type="stmt" count="8"/>
      <line num="31" type="stmt" count="8"/>
      <line num="32" type="stmt" count="8"/>
      <line num="33" type="stmt" count="8"/>
      <line num="35" type="stmt" count="8"/>
      <line num="38" type="method" name="createRefreshToken" visibility="public" complexity="1" crap="1" count="3"/>
      <line num="40" type="stmt" count="3"/>
      <line num="41" type="stmt" count="3"/>
      <line num="42" type="stmt" count="3"/>
      <line num="43" type="stmt" count="3"/>
      <line num="44" type="stmt" count="3"/>
      <line num="45" type="stmt" count="3"/>
      <line num="46" type="stmt" count="3"/>
      <line num="47" type="stmt" count="3"/>
      <line num="48" type="stmt" count="3"/>
      <line num="50" type="stmt" count="3"/>
      <line num="53" type="method" name="validateToken" visibility="public" complexity="5" crap="5" count="9"/>
      <line num="56" type="stmt" count="9"/>
      <line num="59" type="stmt" count="8"/>
      <line num="60" type="stmt" count="1"/>
      <line num="64" type="stmt" count="7"/>
      <line num="65" type="stmt" count="1"/>
      <line num="68" type="stmt" count="6"/>
      <line num="69" type="stmt" count="1"/>
      <line num="70" type="stmt" count="1"/>
      <line num="74" type="method" name="getUserIdFromToken" visibility="public" complexity="1" crap="1" count="1"/>
      <line num="76" type="stmt" count="1"/>
      <line num="77" type="stmt" count="1"/>
      <line num="80" type="method" name="isAccessToken" visibility="public" complexity="1" crap="1" count="1"/>
      <line num="82" type="stmt" count="1"/>
      <line num="83" type="stmt" count="1"/>
      <line num="86" type="method" name="isRefreshToken" visibility="public" complexity="1" crap="1" count="1"/>
      <line num="88" type="stmt" count="1"/>
      <line num="89" type="stmt" count="1"/>
      <line num="92" type="method" name="encode" visibility="private" complexity="1" crap="1" count="9"/>
      <line num="94" type="stmt" count="9"/>
      <line num="95" type="stmt" count="9"/>
      <line num="96" type="stmt" count="9"/>
      <line num="98" type="stmt" count="9"/>
      <line num="99" type="stmt" count="9"/>
      <line num="100" type="stmt" count="9"/>
      <line num="101" type="stmt" count="9"/>
      <line num="102" type="stmt" count="9"/>
      <line num="103" type="stmt" count="9"/>
      <line num="104" type="stmt" count="9"/>
      <line num="106" type="stmt" count="9"/>
      <line num="109" type="method" name="decode" visibility="private" complexity="3" crap="3.01" count="9"/>
      <line num="111" type="stmt" count="9"/>
      <line num="112" type="stmt" count="9"/>
      <line num="113" type="stmt" count="0"/>
      <line num="116" type="stmt" count="9"/>
      <line num="119" type="stmt" count="9"/>
      <line num="120" type="stmt" count="9"/>
      <line num="121" type="stmt" count="9"/>
      <line num="123" type="stmt" count="9"/>
      <line num="124" type="stmt" count="1"/>
      <line num="127" type="stmt" count="8"/>
      <line num="128" type="stmt" count="8"/>
      <line num="130" type="stmt" count="8"/>
      <line num="133" type="method" name="base64UrlEncode" visibility="private" complexity="1" crap="1" count="10"/>
      <line num="135" type="stmt" count="10"/>
      <line num="138" type="method" name="base64UrlDecode" visibility="private" complexity="1" crap="1" count="8"/>
      <line num="140" type="stmt" count="8"/>
      <metrics loc="142" ncloc="139" classes="1" methods="11" coveredmethods="10" conditionals="0" coveredconditionals="0" statements="62" coveredstatements="61" elements="73" coveredelements="71"/>
    </file>
    <file name="/home/sites/phlex/src/Auth/UserProfileManager.php">
      <class name="Phlex\Auth\UserProfileManager" namespace="global">
        <metrics complexity="67" methods="18" coveredmethods="14" conditionals="0" coveredconditionals="0" statements="231" coveredstatements="185" elements="249" coveredelements="199"/>
      </class>
      <line num="30" type="method" name="__construct" visibility="public" complexity="1" crap="1" count="26"/>
      <line num="32" type="stmt" count="26"/>
      <line num="38" type="method" name="findById" visibility="public" complexity="1" crap="1" count="8"/>
      <line num="40" type="stmt" count="8"/>
      <line num="41" type="stmt" count="8"/>
      <line num="42" type="stmt" count="8"/>
      <line num="43" type="stmt" count="8"/>
      <line num="44" type="stmt" count="8"/>
      <line num="50" type="method" name="findByIdWithSettings" visibility="public" complexity="2" crap="6" count="0"/>
      <line num="52" type="stmt" count="0"/>
      <line num="53" type="stmt" count="0"/>
      <line num="57" type="stmt" count="0"/>
      <line num="58" type="stmt" count="0"/>
      <line num="59" type="stmt" count="0"/>
      <line num="61" type="stmt" count="0"/>
      <line num="62" type="stmt" count="0"/>
      <line num="65" type="stmt" count="0"/>
      <line num="71" type="method" name="findByUserId" visibility="public" complexity="1" crap="1" count="1"/>
      <line num="73" type="stmt" count="1"/>
      <line num="74" type="stmt" count="1"/>
      <line num="78" type="stmt" count="1"/>
      <line num="79" type="stmt" count="1"/>
      <line num="80" type="stmt" count="1"/>
      <line num="82" type="stmt" count="1"/>
      <line num="88" type="method" name="getActiveProfile" visibility="public" complexity="2" crap="2" count="2"/>
      <line num="90" type="stmt" count="2"/>
      <line num="91" type="stmt" count="2"/>
      <line num="95" type="stmt" count="2"/>
      <line num="96" type="stmt" count="2"/>
      <line num="97" type="stmt" count="2"/>
      <line num="99" type="stmt" count="2"/>
      <line num="100" type="stmt" count="1"/>
      <line num="103" type="stmt" count="1"/>
      <line num="109" type="method" name="create" visibility="public" complexity="5" crap="5" count="3"/>
      <line num="112" type="stmt" count="3"/>
      <line num="113" type="stmt" count="3"/>
      <line num="114" type="stmt" count="3"/>
      <line num="115" type="stmt" count="3"/>
      <line num="117" type="stmt" count="3"/>
      <line num="118" type="stmt" count="1"/>
      <line num="119" type="stmt" count="1"/>
      <line num="120" type="stmt" count="1"/>
      <line num="124" type="stmt" count="2"/>
      <line num="125" type="stmt" count="2"/>
      <line num="126" type="stmt" count="1"/>
      <line num="129" type="stmt" count="1"/>
      <line num="130" type="stmt" count="1"/>
      <line num="132" type="stmt" count="1"/>
      <line num="133" type="stmt" count="1"/>
      <line num="134" type="stmt" count="1"/>
      <line num="135" type="stmt" count="1"/>
      <line num="136" type="stmt" count="1"/>
      <line num="137" type="stmt" count="1"/>
      <line num="138" type="stmt" count="1"/>
      <line num="139" type="stmt" count="1"/>
      <line num="140" type="stmt" count="1"/>
      <line num="141" type="stmt" count="1"/>
      <line num="142" type="stmt" count="1"/>
      <line num="143" type="stmt" count="1"/>
      <line num="146" type="stmt" count="1"/>
      <line num="147" type="stmt" count="1"/>
      <line num="148" type="stmt" count="1"/>
      <line num="149" type="stmt" count="1"/>
      <line num="150" type="stmt" count="1"/>
      <line num="151" type="stmt" count="1"/>
      <line num="152" type="stmt" count="1"/>
      <line num="153" type="stmt" count="1"/>
      <line num="154" type="stmt" count="1"/>
      <line num="156" type="stmt" count="1"/>
      <line num="162" type="method" name="update" visibility="public" complexity="15" crap="17.47" count="2"/>
      <line num="164" type="stmt" count="2"/>
      <line num="165" type="stmt" count="2"/>
      <line num="166" type="stmt" count="1"/>
      <line num="169" type="stmt" count="1"/>
      <line num="170" type="stmt" count="1"/>
      <line num="172" type="stmt" count="1"/>
      <line num="173" type="stmt" count="1"/>
      <line num="174" type="stmt" count="1"/>
      <line num="175" type="stmt" count="0"/>
      <line num="177" type="stmt" count="1"/>
      <line num="178" type="stmt" count="1"/>
      <line num="181" type="stmt" count="1"/>
      <line num="182" type="stmt" count="0"/>
      <line num="183" type="stmt" count="0"/>
      <line num="186" type="stmt" count="1"/>
      <line num="187" type="stmt" count="0"/>
      <line num="188" type="stmt" count="0"/>
      <line num="191" type="stmt" count="1"/>
      <line num="192" type="stmt" count="1"/>
      <line num="193" type="stmt" count="1"/>
      <line num="194" type="stmt" count="1"/>
      <line num="195" type="stmt" count="1"/>
      <line num="196" type="stmt" count="1"/>
      <line num="200" type="stmt" count="1"/>
      <line num="201" type="stmt" count="1"/>
      <line num="202" type="stmt" count="1"/>
      <line num="203" type="stmt" count="0"/>
      <line num="210" type="method" name="switchProfile" visibility="public" complexity="3" crap="3" count="2"/>
      <line num="213" type="stmt" count="2"/>
      <line num="214" type="stmt" count="2"/>
      <line num="215" type="stmt" count="1"/>
      <line num="218" type="stmt" count="1"/>
      <line num="219" type="stmt" count="1"/>
      <line num="220" type="stmt" count="1"/>
      <line num="221" type="stmt" count="1"/>
      <line num="223" type="stmt" count="1"/>
      <line num="224" type="stmt" count="1"/>
      <line num="225" type="stmt" count="1"/>
      <line num="226" type="stmt" count="1"/>
      <line num="228" type="stmt" count="1"/>
      <line num="234" type="method" name="delete" visibility="public" complexity="2" crap="2" count="2"/>
      <line num="236" type="stmt" count="2"/>
      <line num="237" type="stmt" count="2"/>
      <line num="238" type="stmt" count="1"/>
      <line num="241" type="stmt" count="1"/>
      <line num="247" type="method" name="verifyPin" visibility="public" complexity="3" crap="3" count="3"/>
      <line num="249" type="stmt" count="3"/>
      <line num="250" type="stmt" count="3"/>
      <line num="251" type="stmt" count="3"/>
      <line num="252" type="stmt" count="3"/>
      <line num="254" type="stmt" count="3"/>
      <line num="255" type="stmt" count="1"/>
      <line num="258" type="stmt" count="2"/>
      <line num="264" type="method" name="setPin" visibility="public" complexity="4" crap="4" count="3"/>
      <line num="266" type="stmt" count="3"/>
      <line num="267" type="stmt" count="1"/>
      <line num="270" type="stmt" count="2"/>
      <line num="271" type="stmt" count="1"/>
      <line num="274" type="stmt" count="1"/>
      <line num="276" type="stmt" count="1"/>
      <line num="277" type="stmt" count="1"/>
      <line num="278" type="stmt" count="1"/>
      <line num="279" type="stmt" count="1"/>
      <line num="285" type="method" name="removePin" visibility="public" complexity="1" crap="1" count="1"/>
      <line num="287" type="stmt" count="1"/>
      <line num="288" type="stmt" count="1"/>
      <line num="289" type="stmt" count="1"/>
      <line num="290" type="stmt" count="1"/>
      <line num="296" type="method" name="isContentRatingAllowed" visibility="public" complexity="3" crap="3" count="3"/>
      <line num="298" type="stmt" count="3"/>
      <line num="299" type="stmt" count="3"/>
      <line num="300" type="stmt" count="3"/>
      <line num="301" type="stmt" count="3"/>
      <line num="303" type="stmt" count="3"/>
      <line num="304" type="stmt" count="1"/>
      <line num="307" type="stmt" count="2"/>
      <line num="310" type="stmt" count="2"/>
      <line num="311" type="stmt" count="1"/>
      <line num="315" type="stmt" count="1"/>
      <line num="316" type="stmt" count="1"/>
      <line num="317" type="stmt" count="1"/>
      <line num="319" type="stmt" count="1"/>
      <line num="325" type="method" name="getAllowedRatings" visibility="public" complexity="5" crap="5" count="2"/>
      <line num="327" type="stmt" count="2"/>
      <line num="328" type="stmt" count="2"/>
      <line num="329" type="stmt" count="2"/>
      <line num="330" type="stmt" count="2"/>
      <line num="332" type="stmt" count="2"/>
      <line num="333" type="stmt" count="1"/>
      <line num="336" type="stmt" count="1"/>
      <line num="337" type="stmt" count="1"/>
      <line num="338" type="stmt" count="1"/>
      <line num="340" type="stmt" count="1"/>
      <line num="341" type="stmt" count="1"/>
      <line num="342" type="stmt" count="1"/>
      <line num="343" type="stmt" count="1"/>
      <line num="347" type="stmt" count="1"/>
      <line num="348" type="stmt" count="1"/>
      <line num="351" type="stmt" count="1"/>
      <line num="357" type="method" name="createProfileSettings" visibility="private" complexity="3" crap="3" count="1"/>
      <line num="359" type="stmt" count="1"/>
      <line num="361" type="stmt" count="1"/>
      <line num="362" type="stmt" count="1"/>
      <line num="364" type="stmt" count="1"/>
      <line num="365" type="stmt" count="1"/>
      <line num="366" type="stmt" count="1"/>
      <line num="367" type="stmt" count="1"/>
      <line num="368" type="stmt" count="1"/>
      <line num="369" type="stmt" count="1"/>
      <line num="370" type="stmt" count="1"/>
      <line num="371" type="stmt" count="1"/>
      <line num="372" type="stmt" count="1"/>
      <line num="373" type="stmt" count="1"/>
      <line num="374" type="stmt" count="1"/>
      <line num="375" type="stmt" count="1"/>
      <line num="376" type="stmt" count="1"/>
      <line num="382" type="method" name="updateProfileSettings" visibility="private" complexity="9" crap="90" count="0"/>
      <line num="384" type="stmt" count="0"/>
      <line num="385" type="stmt" count="0"/>
      <line num="387" type="stmt" count="0"/>
      <line num="388" type="stmt" count="0"/>
      <line num="389" type="stmt" count="0"/>
      <line num="392" type="stmt" count="0"/>
      <line num="393" type="stmt" count="0"/>
      <line num="394" type="stmt" count="0"/>
      <line num="397" type="stmt" count="0"/>
      <line num="398" type="stmt" count="0"/>
      <line num="399" type="stmt" count="0"/>
      <line num="402" type="stmt" count="0"/>
      <line num="403" type="stmt" count="0"/>
      <line num="404" type="stmt" count="0"/>
      <line num="407" type="stmt" count="0"/>
      <line num="408" type="stmt" count="0"/>
      <line num="409" type="stmt" count="0"/>
      <line num="412" type="stmt" count="0"/>
      <line num="413" type="stmt" count="0"/>
      <line num="414" type="stmt" count="0"/>
      <line num="417" type="stmt" count="0"/>
      <line num="418" type="stmt" count="0"/>
      <line num="419" type="stmt" count="0"/>
      <line num="422" type="stmt" count="0"/>
      <line num="423" type="stmt" count="0"/>
      <line num="426" type="stmt" count="0"/>
      <line num="427" type="stmt" count="0"/>
      <line num="428" type="stmt" count="0"/>
      <line num="429" type="stmt" count="0"/>
      <line num="430" type="stmt" count="0"/>
      <line num="436" type="method" name="hydrateProfile" visibility="private" complexity="6" crap="6.03" count="2"/>
      <line num="438" type="stmt" count="2"/>
      <line num="439" type="stmt" count="2"/>
      <line num="440" type="stmt" count="2"/>
      <line num="441" type="stmt" count="2"/>
      <line num="442" type="stmt" count="2"/>
      <line num="443" type="stmt" count="2"/>
      <line num="444" type="stmt" count="2"/>
      <line num="445" type="stmt" count="2"/>
      <line num="446" type="stmt" count="2"/>
      <line num="447" type="stmt" count="2"/>
      <line num="450" type="stmt" count="2"/>
      <line num="451" type="stmt" count="2"/>
      <line num="452" type="stmt" count="2"/>
      <line num="453" type="stmt" count="2"/>
      <line num="454" type="stmt" count="2"/>
      <line num="455" type="stmt" count="2"/>
      <line num="456" type="stmt" count="2"/>
      <line num="458" type="stmt" count="2"/>
      <line num="459" type="stmt" count="0"/>
      <line num="462" type="stmt" count="2"/>
      <line num="463" type="stmt" count="0"/>
      <line num="467" type="stmt" count="2"/>
      <line num="473" type="method" name="generateUuid" visibility="private" complexity="1" crap="1" count="1"/>
      <line num="475" type="stmt" count="1"/>
      <line num="476" type="stmt" count="1"/>
      <line num="477" type="stmt" count="1"/>
      <line num="478" type="stmt" count="1"/>
      <line num="479" type="stmt" count="1"/>
      <line num="480" type="stmt" count="1"/>
      <line num="481" type="stmt" count="1"/>
      <line num="482" type="stmt" count="1"/>
      <metrics loc="485" ncloc="417" classes="1" methods="18" coveredmethods="14" conditionals="0" coveredconditionals="0" statements="231" coveredstatements="185" elements="249" coveredelements="199"/>
    </file>
    <file name="/home/sites/phlex/src/Auth/UserRepository.php">
      <class name="Phlex\Auth\UserRepository" namespace="global">
        <metrics complexity="28" methods="15" coveredmethods="0" conditionals="0" coveredconditionals="0" statements="126" coveredstatements="0" elements="141" coveredelements="0"/>
      </class>
      <line num="11" type="method" name="__construct" visibility="public" complexity="1" crap="2" count="0"/>
      <line num="13" type="stmt" count="0"/>
      <line num="16" type="method" name="findById" visibility="public" complexity="1" crap="2" count="0"/>
      <line num="18" type="stmt" count="0"/>
      <line num="19" type="stmt" count="0"/>
      <line num="22" type="method" name="findByUsername" visibility="public" complexity="1" crap="2" count="0"/>
      <line num="24" type="stmt" count="0"/>
      <line num="25" type="stmt" count="0"/>
      <line num="26" type="stmt" count="0"/>
      <line num="27" type="stmt" count="0"/>
      <line num="28" type="stmt" count="0"/>
      <line num="31" type="method" name="findByEmail" visibility="public" complexity="1" crap="2" count="0"/>
      <line num="33" type="stmt" count="0"/>
      <line num="34" type="stmt" count="0"/>
      <line num="35" type="stmt" count="0"/>
      <line num="36" type="stmt" count="0"/>
      <line num="37" type="stmt" count="0"/>
      <line num="40" type="method" name="create" visibility="public" complexity="1" crap="2" count="0"/>
      <line num="42" type="stmt" count="0"/>
      <line num="43" type="stmt" count="0"/>
      <line num="45" type="stmt" count="0"/>
      <line num="46" type="stmt" count="0"/>
      <line num="47" type="stmt" count="0"/>
      <line num="48" type="stmt" count="0"/>
      <line num="49" type="stmt" count="0"/>
      <line num="50" type="stmt" count="0"/>
      <line num="51" type="stmt" count="0"/>
      <line num="52" type="stmt" count="0"/>
      <line num="53" type="stmt" count="0"/>
      <line num="54" type="stmt" count="0"/>
      <line num="57" type="stmt" count="0"/>
      <line num="58" type="stmt" count="0"/>
      <line num="59" type="stmt" count="0"/>
      <line num="60" type="stmt" count="0"/>
      <line num="62" type="stmt" count="0"/>
      <line num="65" type="method" name="update" visibility="public" complexity="5" crap="30" count="0"/>
      <line num="67" type="stmt" count="0"/>
      <line num="68" type="stmt" count="0"/>
      <line num="70" type="stmt" count="0"/>
      <line num="71" type="stmt" count="0"/>
      <line num="72" type="stmt" count="0"/>
      <line num="75" type="stmt" count="0"/>
      <line num="76" type="stmt" count="0"/>
      <line num="77" type="stmt" count="0"/>
      <line num="80" type="stmt" count="0"/>
      <line num="81" type="stmt" count="0"/>
      <line num="82" type="stmt" count="0"/>
      <line num="85" type="stmt" count="0"/>
      <line num="86" type="stmt" count="0"/>
      <line num="89" type="stmt" count="0"/>
      <line num="90" type="stmt" count="0"/>
      <line num="91" type="stmt" count="0"/>
      <line num="92" type="stmt" count="0"/>
      <line num="93" type="stmt" count="0"/>
      <line num="96" type="method" name="updateLastLogin" visibility="public" complexity="1" crap="2" count="0"/>
      <line num="98" type="stmt" count="0"/>
      <line num="104" type="method" name="getSettings" visibility="public" complexity="3" crap="12" count="0"/>
      <line num="106" type="stmt" count="0"/>
      <line num="107" type="stmt" count="0"/>
      <line num="108" type="stmt" count="0"/>
      <line num="109" type="stmt" count="0"/>
      <line num="111" type="stmt" count="0"/>
      <line num="112" type="stmt" count="0"/>
      <line num="115" type="stmt" count="0"/>
      <line num="118" type="stmt" count="0"/>
      <line num="119" type="stmt" count="0"/>
      <line num="120" type="stmt" count="0"/>
      <line num="121" type="stmt" count="0"/>
      <line num="122" type="stmt" count="0"/>
      <line num="125" type="stmt" count="0"/>
      <line num="131" type="method" name="updateSettings" visibility="public" complexity="7" crap="56" count="0"/>
      <line num="133" type="stmt" count="0"/>
      <line num="134" type="stmt" count="0"/>
      <line num="136" type="stmt" count="0"/>
      <line num="137" type="stmt" count="0"/>
      <line num="138" type="stmt" count="0"/>
      <line num="139" type="stmt" count="0"/>
      <line num="140" type="stmt" count="0"/>
      <line num="141" type="stmt" count="0"/>
      <line num="142" type="stmt" count="0"/>
      <line num="143" type="stmt" count="0"/>
      <line num="145" type="stmt" count="0"/>
      <line num="146" type="stmt" count="0"/>
      <line num="147" type="stmt" count="0"/>
      <line num="148" type="stmt" count="0"/>
      <line num="152" type="stmt" count="0"/>
      <line num="153" type="stmt" count="0"/>
      <line num="154" type="stmt" count="0"/>
      <line num="157" type="stmt" count="0"/>
      <line num="158" type="stmt" count="0"/>
      <line num="161" type="stmt" count="0"/>
      <line num="164" type="stmt" count="0"/>
      <line num="165" type="stmt" count="0"/>
      <line num="166" type="stmt" count="0"/>
      <line num="167" type="stmt" count="0"/>
      <line num="169" type="stmt" count="0"/>
      <line num="171" type="stmt" count="0"/>
      <line num="172" type="stmt" count="0"/>
      <line num="173" type="stmt" count="0"/>
      <line num="174" type="stmt" count="0"/>
      <line num="176" type="stmt" count="0"/>
      <line num="177" type="stmt" count="0"/>
      <line num="178" type="stmt" count="0"/>
      <line num="179" type="stmt" count="0"/>
      <line num="186" type="method" name="updateAvatar" visibility="public" complexity="1" crap="2" count="0"/>
      <line num="188" type="stmt" count="0"/>
      <line num="189" type="stmt" count="0"/>
      <line num="190" type="stmt" count="0"/>
      <line num="191" type="stmt" count="0"/>
      <line num="197" type="method" name="getAvatar" visibility="public" complexity="1" crap="2" count="0"/>
      <line num="199" type="stmt" count="0"/>
      <line num="200" type="stmt" count="0"/>
      <line num="201" type="stmt" count="0"/>
      <line num="202" type="stmt" count="0"/>
      <line num="204" type="stmt" count="0"/>
      <line num="207" type="method" name="verifyPassword" visibility="public" complexity="2" crap="6" count="0"/>
      <line num="209" type="stmt" count="0"/>
      <line num="210" type="stmt" count="0"/>
      <line num="211" type="stmt" count="0"/>
      <line num="214" type="stmt" count="0"/>
      <line num="217" type="method" name="emailExists" visibility="public" complexity="1" crap="2" count="0"/>
      <line num="219" type="stmt" count="0"/>
      <line num="220" type="stmt" count="0"/>
      <line num="221" type="stmt" count="0"/>
      <line num="222" type="stmt" count="0"/>
      <line num="223" type="stmt" count="0"/>
      <line num="226" type="method" name="usernameExists" visibility="public" complexity="1" crap="2" count="0"/>
      <line num="228" type="stmt" count="0"/>
      <line num="229" type="stmt" count="0"/>
      <line num="230" type="stmt" count="0"/>
      <line num="231" type="stmt" count="0"/>
      <line num="232" type="stmt" count="0"/>
      <line num="235" type="method" name="generateUuid" visibility="private" complexity="1" crap="2" count="0"/>
      <line num="237" type="stmt" count="0"/>
      <line num="238" type="stmt" count="0"/>
      <line num="239" type="stmt" count="0"/>
      <line num="240" type="stmt" count="0"/>
      <line num="241" type="stmt" count="0"/>
      <line num="242" type="stmt" count="0"/>
      <line num="243" type="stmt" count="0"/>
      <line num="244" type="stmt" count="0"/>
      <metrics loc="246" ncloc="230" classes="1" methods="15" coveredmethods="0" conditionals="0" coveredconditionals="0" statements="126" coveredstatements="0" elements="141" coveredelements="0"/>
    </file>
    <file name="/home/sites/phlex/src/Auth/WatchHistory.php">
      <class name="Phlex\Auth\WatchHistory" namespace="global">
        <metrics complexity="31" methods="17" coveredmethods="16" conditionals="0" coveredconditionals="0" statements="153" coveredstatements="151" elements="170" coveredelements="167"/>
      </class>
      <line num="27" type="method" name="__construct" visibility="public" complexity="1" crap="1" count="22"/>
      <line num="29" type="stmt" count="22"/>
      <line num="35" type="method" name="getHistory" visibility="public" complexity="1" crap="1" count="2"/>
      <line num="37" type="stmt" count="2"/>
      <line num="38" type="stmt" count="2"/>
      <line num="43" type="stmt" count="2"/>
      <line num="44" type="stmt" count="2"/>
      <line num="45" type="stmt" count="2"/>
      <line num="47" type="stmt" count="2"/>
      <line num="53" type="method" name="getContinueWatching" visibility="public" complexity="1" crap="1" count="1"/>
      <line num="55" type="stmt" count="1"/>
      <line num="56" type="stmt" count="1"/>
      <line num="64" type="stmt" count="1"/>
      <line num="65" type="stmt" count="1"/>
      <line num="66" type="stmt" count="1"/>
      <line num="68" type="stmt" count="1"/>
      <line num="74" type="method" name="getRecentlyCompleted" visibility="public" complexity="1" crap="1" count="1"/>
      <line num="76" type="stmt" count="1"/>
      <line num="77" type="stmt" count="1"/>
      <line num="83" type="stmt" count="1"/>
      <line num="84" type="stmt" count="1"/>
      <line num="85" type="stmt" count="1"/>
      <line num="87" type="stmt" count="1"/>
      <line num="93" type="method" name="getForMediaItem" visibility="public" complexity="2" crap="2" count="9"/>
      <line num="95" type="stmt" count="9"/>
      <line num="96" type="stmt" count="9"/>
      <line num="97" type="stmt" count="9"/>
      <line num="98" type="stmt" count="9"/>
      <line num="100" type="stmt" count="9"/>
      <line num="101" type="stmt" count="3"/>
      <line num="104" type="stmt" count="7"/>
      <line num="110" type="method" name="updateProgress" visibility="public" complexity="5" crap="5" count="4"/>
      <line num="118" type="stmt" count="4"/>
      <line num="120" type="stmt" count="4"/>
      <line num="121" type="stmt" count="4"/>
      <line num="122" type="stmt" count="3"/>
      <line num="125" type="stmt" count="4"/>
      <line num="126" type="stmt" count="4"/>
      <line num="127" type="stmt" count="1"/>
      <line num="128" type="stmt" count="1"/>
      <line num="131" type="stmt" count="4"/>
      <line num="133" type="stmt" count="4"/>
      <line num="135" type="stmt" count="3"/>
      <line num="136" type="stmt" count="3"/>
      <line num="143" type="stmt" count="3"/>
      <line num="144" type="stmt" count="3"/>
      <line num="145" type="stmt" count="3"/>
      <line num="146" type="stmt" count="3"/>
      <line num="147" type="stmt" count="3"/>
      <line num="148" type="stmt" count="3"/>
      <line num="149" type="stmt" count="3"/>
      <line num="150" type="stmt" count="3"/>
      <line num="151" type="stmt" count="3"/>
      <line num="152" type="stmt" count="3"/>
      <line num="153" type="stmt" count="3"/>
      <line num="154" type="stmt" count="3"/>
      <line num="157" type="stmt" count="1"/>
      <line num="158" type="stmt" count="1"/>
      <line num="159" type="stmt" count="1"/>
      <line num="160" type="stmt" count="1"/>
      <line num="161" type="stmt" count="1"/>
      <line num="162" type="stmt" count="1"/>
      <line num="163" type="stmt" count="1"/>
      <line num="164" type="stmt" count="1"/>
      <line num="165" type="stmt" count="1"/>
      <line num="166" type="stmt" count="1"/>
      <line num="167" type="stmt" count="1"/>
      <line num="168" type="stmt" count="1"/>
      <line num="169" type="stmt" count="1"/>
      <line num="170" type="stmt" count="1"/>
      <line num="171" type="stmt" count="1"/>
      <line num="172" type="stmt" count="1"/>
      <line num="175" type="stmt" count="4"/>
      <line num="181" type="method" name="markCompleted" visibility="public" complexity="1" crap="1" count="1"/>
      <line num="183" type="stmt" count="1"/>
      <line num="184" type="stmt" count="1"/>
      <line num="185" type="stmt" count="1"/>
      <line num="186" type="stmt" count="1"/>
      <line num="187" type="stmt" count="1"/>
      <line num="188" type="stmt" count="1"/>
      <line num="189" type="stmt" count="1"/>
      <line num="195" type="method" name="removeFromHistory" visibility="public" complexity="1" crap="1" count="1"/>
      <line num="197" type="stmt" count="1"/>
      <line num="198" type="stmt" count="1"/>
      <line num="199" type="stmt" count="1"/>
      <line num="200" type="stmt" count="1"/>
      <line num="206" type="method" name="clearHistory" visibility="public" complexity="1" crap="1" count="1"/>
      <line num="208" type="stmt" count="1"/>
      <line num="209" type="stmt" count="1"/>
      <line num="210" type="stmt" count="1"/>
      <line num="211" type="stmt" count="1"/>
      <line num="217" type="method" name="getTotalWatchTime" visibility="public" complexity="1" crap="1" count="2"/>
      <line num="219" type="stmt" count="2"/>
      <line num="220" type="stmt" count="2"/>
      <line num="222" type="stmt" count="2"/>
      <line num="223" type="stmt" count="2"/>
      <line num="224" type="stmt" count="2"/>
      <line num="226" type="stmt" count="2"/>
      <line num="230" type="stmt" count="2"/>
      <line num="236" type="method" name="getTodayWatchTime" visibility="public" complexity="1" crap="1" count="1"/>
      <line num="238" type="stmt" count="1"/>
      <line num="239" type="stmt" count="1"/>
      <line num="243" type="stmt" count="1"/>
      <line num="244" type="stmt" count="1"/>
      <line num="245" type="stmt" count="1"/>
      <line num="247" type="stmt" count="1"/>
      <line num="249" type="stmt" count="1"/>
      <line num="255" type="method" name="getWatchTimeByDay" visibility="public" complexity="2" crap="2" count="1"/>
      <line num="257" type="stmt" count="1"/>
      <line num="258" type="stmt" count="1"/>
      <line num="265" type="stmt" count="1"/>
      <line num="266" type="stmt" count="1"/>
      <line num="267" type="stmt" count="1"/>
      <line num="269" type="stmt" count="1"/>
      <line num="270" type="stmt" count="1"/>
      <line num="271" type="stmt" count="1"/>
      <line num="274" type="stmt" count="1"/>
      <line num="280" type="method" name="hasWatched" visibility="public" complexity="1" crap="1" count="2"/>
      <line num="282" type="stmt" count="2"/>
      <line num="283" type="stmt" count="2"/>
      <line num="285" type="stmt" count="2"/>
      <line num="286" type="stmt" count="2"/>
      <line num="287" type="stmt" count="2"/>
      <line num="289" type="stmt" count="2"/>
      <line num="295" type="method" name="getResumePosition" visibility="public" complexity="3" crap="3" count="3"/>
      <line num="297" type="stmt" count="3"/>
      <line num="299" type="stmt" count="3"/>
      <line num="300" type="stmt" count="2"/>
      <line num="303" type="stmt" count="1"/>
      <line num="309" type="method" name="getCount" visibility="public" complexity="1" crap="1" count="1"/>
      <line num="311" type="stmt" count="1"/>
      <line num="312" type="stmt" count="1"/>
      <line num="313" type="stmt" count="1"/>
      <line num="314" type="stmt" count="1"/>
      <line num="316" type="stmt" count="1"/>
      <line num="322" type="method" name="hydrateEntry" visibility="private" complexity="7" crap="7.03" count="10"/>
      <line num="324" type="stmt" count="10"/>
      <line num="325" type="stmt" count="10"/>
      <line num="326" type="stmt" count="10"/>
      <line num="327" type="stmt" count="10"/>
      <line num="328" type="stmt" count="10"/>
      <line num="329" type="stmt" count="10"/>
      <line num="330" type="stmt" count="10"/>
      <line num="331" type="stmt" count="10"/>
      <line num="332" type="stmt" count="10"/>
      <line num="333" type="stmt" count="10"/>
      <line num="334" type="stmt" count="10"/>
      <line num="335" type="stmt" count="10"/>
      <line num="338" type="stmt" count="10"/>
      <line num="339" type="stmt" count="3"/>
      <line num="340" type="stmt" count="3"/>
      <line num="342" type="stmt" count="3"/>
      <line num="343" type="stmt" count="3"/>
      <line num="344" type="stmt" count="3"/>
      <line num="345" type="stmt" count="0"/>
      <line num="346" type="stmt" count="3"/>
      <line num="349" type="stmt" count="3"/>
      <line num="350" type="stmt" count="1"/>
      <line num="352" type="stmt" count="3"/>
      <line num="353" type="stmt" count="0"/>
      <line num="358" type="stmt" count="10"/>
      <line num="364" type="method" name="generateUuid" visibility="private" complexity="1" crap="1" count="1"/>
      <line num="366" type="stmt" count="1"/>
      <line num="367" type="stmt" count="1"/>
      <line num="368" type="stmt" count="1"/>
      <line num="369" type="stmt" count="1"/>
      <line num="370" type="stmt" count="1"/>
      <line num="371" type="stmt" count="1"/>
      <line num="372" type="stmt" count="1"/>
      <line num="373" type="stmt" count="1"/>
      <metrics loc="376" ncloc="312" classes="1" methods="17" coveredmethods="16" conditionals="0" coveredconditionals="0" statements="153" coveredstatements="151" elements="170" coveredelements="167"/>
    </file>
    <file name="/home/sites/phlex/src/Common/Database/ConnectionPool.php">
      <class name="Phlex\Common\Database\ConnectionPool" namespace="global">
        <metrics complexity="6" methods="4" coveredmethods="2" conditionals="0" coveredconditionals="0" statements="17" coveredstatements="3" elements="21" coveredelements="5"/>
      </class>
      <line num="13" type="method" name="init" visibility="public" complexity="1" crap="1" count="2"/>
      <line num="15" type="stmt" count="2"/>
      <line num="16" type="stmt" count="2"/>
      <line num="19" type="method" name="getInstance" visibility="public" complexity="1" crap="1" count="1"/>
      <line num="21" type="stmt" count="1"/>
      <line num="24" type="method" name="getConnection" visibility="public" complexity="2" crap="6" count="0"/>
      <line num="26" type="stmt" count="0"/>
      <line num="27" type="stmt" count="0"/>
      <line num="28" type="stmt" count="0"/>
      <line num="30" type="stmt" count="0"/>
      <line num="31" type="stmt" count="0"/>
      <line num="32" type="stmt" count="0"/>
      <line num="33" type="stmt" count="0"/>
      <line num="34" type="stmt" count="0"/>
      <line num="35" type="stmt" count="0"/>
      <line num="36" type="stmt" count="0"/>
      <line num="38" type="stmt" count="0"/>
      <line num="41" type="method" name="closeAll" visibility="public" complexity="2" crap="6" count="0"/>
      <line num="43" type="stmt" count="0"/>
      <line num="44" type="stmt" count="0"/>
      <line num="46" type="stmt" count="0"/>
      <metrics loc="48" ncloc="48" classes="1" methods="4" coveredmethods="2" conditionals="0" coveredconditionals="0" statements="17" coveredstatements="3" elements="21" coveredelements="5"/>
    </file>
    <file name="/home/sites/phlex/src/Common/Database/QueryBuilder.php">
      <class name="Phlex\Common\Database\QueryBuilder" namespace="global">
        <metrics complexity="21" methods="14" coveredmethods="5" conditionals="0" coveredconditionals="0" statements="71" coveredstatements="16" elements="85" coveredelements="21"/>
      </class>
      <line num="19" type="method" name="__construct" visibility="public" complexity="1" crap="1" count="3"/>
      <line num="21" type="stmt" count="3"/>
      <line num="24" type="method" name="table" visibility="public" complexity="1" crap="1" count="3"/>
      <line num="26" type="stmt" count="3"/>
      <line num="27" type="stmt" count="3"/>
      <line num="28" type="stmt" count="3"/>
      <line num="31" type="method" name="select" visibility="public" complexity="2" crap="2" count="2"/>
      <line num="33" type="stmt" count="2"/>
      <line num="34" type="stmt" count="2"/>
      <line num="37" type="method" name="where" visibility="public" complexity="2" crap="2.15" count="2"/>
      <line num="39" type="stmt" count="2"/>
      <line num="40" type="stmt" count="0"/>
      <line num="41" type="stmt" count="0"/>
      <line num="44" type="stmt" count="2"/>
      <line num="45" type="stmt" count="2"/>
      <line num="46" type="stmt" count="2"/>
      <line num="49" type="method" name="orderBy" visibility="public" complexity="1" crap="1" count="1"/>
      <line num="51" type="stmt" count="1"/>
      <line num="52" type="stmt" count="1"/>
      <line num="53" type="stmt" count="1"/>
      <line num="56" type="method" name="limit" visibility="public" complexity="1" crap="1" count="1"/>
      <line num="58" type="stmt" count="1"/>
      <line num="59" type="stmt" count="1"/>
      <line num="60" type="stmt" count="1"/>
      <line num="63" type="method" name="get" visibility="public" complexity="1" crap="2" count="0"/>
      <line num="65" type="stmt" count="0"/>
      <line num="66" type="stmt" count="0"/>
      <line num="69" type="method" name="first" visibility="public" complexity="1" crap="2" count="0"/>
      <line num="71" type="stmt" count="0"/>
      <line num="72" type="stmt" count="0"/>
      <line num="73" type="stmt" count="0"/>
      <line num="76" type="method" name="insert" visibility="public" complexity="1" crap="2" count="0"/>
      <line num="78" type="stmt" count="0"/>
      <line num="79" type="stmt" count="0"/>
      <line num="81" type="stmt" count="0"/>
      <line num="82" type="stmt" count="0"/>
      <line num="83" type="stmt" count="0"/>
      <line num="84" type="stmt" count="0"/>
      <line num="85" type="stmt" count="0"/>
      <line num="86" type="stmt" count="0"/>
      <line num="88" type="stmt" count="0"/>
      <line num="89" type="stmt" count="0"/>
      <line num="92" type="method" name="update" visibility="public" complexity="2" crap="6" count="0"/>
      <line num="94" type="stmt" count="0"/>
      <line num="95" type="stmt" count="0"/>
      <line num="96" type="stmt" count="0"/>
      <line num="97" type="stmt" count="0"/>
      <line num="100" type="stmt" count="0"/>
      <line num="101" type="stmt" count="0"/>
      <line num="102" type="stmt" count="0"/>
      <line num="103" type="stmt" count="0"/>
      <line num="104" type="stmt" count="0"/>
      <line num="105" type="stmt" count="0"/>
      <line num="107" type="stmt" count="0"/>
      <line num="110" type="method" name="delete" visibility="public" complexity="1" crap="2" count="0"/>
      <line num="112" type="stmt" count="0"/>
      <line num="113" type="stmt" count="0"/>
      <line num="114" type="stmt" count="0"/>
      <line num="115" type="stmt" count="0"/>
      <line num="116" type="stmt" count="0"/>
      <line num="118" type="stmt" count="0"/>
      <line num="121" type="method" name="count" visibility="public" complexity="1" crap="2" count="0"/>
      <line num="123" type="stmt" count="0"/>
      <line num="124" type="stmt" count="0"/>
      <line num="126" type="stmt" count="0"/>
      <line num="128" type="stmt" count="0"/>
      <line num="130" type="stmt" count="0"/>
      <line num="133" type="method" name="buildSelect" visibility="private" complexity="4" crap="20" count="0"/>
      <line num="135" type="stmt" count="0"/>
      <line num="136" type="stmt" count="0"/>
      <line num="137" type="stmt" count="0"/>
      <line num="138" type="stmt" count="0"/>
      <line num="139" type="stmt" count="0"/>
      <line num="141" type="stmt" count="0"/>
      <line num="143" type="stmt" count="0"/>
      <line num="144" type="stmt" count="0"/>
      <line num="147" type="stmt" count="0"/>
      <line num="148" type="stmt" count="0"/>
      <line num="149" type="stmt" count="0"/>
      <line num="150" type="stmt" count="0"/>
      <line num="154" type="stmt" count="0"/>
      <line num="157" type="method" name="buildWhere" visibility="private" complexity="2" crap="6" count="0"/>
      <line num="159" type="stmt" count="0"/>
      <line num="160" type="stmt" count="0"/>
      <line num="162" type="stmt" count="0"/>
      <metrics loc="164" ncloc="164" classes="1" methods="14" coveredmethods="5" conditionals="0" coveredconditionals="0" statements="71" coveredstatements="16" elements="85" coveredelements="21"/>
    </file>
    <file name="/home/sites/phlex/src/Common/Logger/AuditLogger.php">
      <class name="Phlex\Common\Logger\AuditLogger" namespace="global">
        <metrics complexity="8" methods="8" coveredmethods="4" conditionals="0" coveredconditionals="0" statements="40" coveredstatements="19" elements="48" coveredelements="23"/>
      </class>
      <line num="13" type="method" name="__construct" visibility="public" complexity="1" crap="1" count="4"/>
      <line num="15" type="stmt" count="4"/>
      <line num="18" type="method" name="logLogin" visibility="public" complexity="1" crap="1" count="2"/>
      <line num="20" type="stmt" count="2"/>
      <line num="21" type="stmt" count="2"/>
      <line num="22" type="stmt" count="2"/>
      <line num="23" type="stmt" count="2"/>
      <line num="24" type="stmt" count="2"/>
      <line num="25" type="stmt" count="2"/>
      <line num="26" type="stmt" count="2"/>
      <line num="29" type="method" name="logLogout" visibility="public" complexity="1" crap="1" count="1"/>
      <line num="31" type="stmt" count="1"/>
      <line num="32" type="stmt" count="1"/>
      <line num="33" type="stmt" count="1"/>
      <line num="34" type="stmt" count="1"/>
      <line num="35" type="stmt" count="1"/>
      <line num="38" type="method" name="logFailedAuth" visibility="public" complexity="1" crap="2" count="0"/>
      <line num="40" type="stmt" count="0"/>
      <line num="41" type="stmt" count="0"/>
      <line num="42" type="stmt" count="0"/>
      <line num="43" type="stmt" count="0"/>
      <line num="46" type="method" name="logPermissionDenied" visibility="public" complexity="1" crap="1" count="1"/>
      <line num="48" type="stmt" count="1"/>
      <line num="49" type="stmt" count="1"/>
      <line num="50" type="stmt" count="1"/>
      <line num="51" type="stmt" count="1"/>
      <line num="52" type="stmt" count="1"/>
      <line num="53" type="stmt" count="1"/>
      <line num="56" type="method" name="logApiKeyCreated" visibility="public" complexity="1" crap="2" count="0"/>
      <line num="58" type="stmt" count="0"/>
      <line num="59" type="stmt" count="0"/>
      <line num="60" type="stmt" count="0"/>
      <line num="61" type="stmt" count="0"/>
      <line num="62" type="stmt" count="0"/>
      <line num="63" type="stmt" count="0"/>
      <line num="66" type="method" name="logApiKeyRevoked" visibility="public" complexity="1" crap="2" count="0"/>
      <line num="68" type="stmt" count="0"/>
      <line num="69" type="stmt" count="0"/>
      <line num="70" type="stmt" count="0"/>
      <line num="71" type="stmt" count="0"/>
      <line num="72" type="stmt" count="0"/>
      <line num="75" type="method" name="logDataExport" visibility="public" complexity="1" crap="2" count="0"/>
      <line num="77" type="stmt" count="0"/>
      <line num="78" type="stmt" count="0"/>
      <line num="79" type="stmt" count="0"/>
      <line num="80" type="stmt" count="0"/>
      <line num="81" type="stmt" count="0"/>
      <line num="82" type="stmt" count="0"/>
      <metrics loc="84" ncloc="80" classes="1" methods="8" coveredmethods="4" conditionals="0" coveredconditionals="0" statements="40" coveredstatements="19" elements="48" coveredelements="23"/>
    </file>
    <file name="/home/sites/phlex/src/Common/Logger/LogChannels.php">
      <class name="Phlex\Common\Logger\LogChannels" namespace="global">
        <metrics complexity="1" methods="1" coveredmethods="0" conditionals="0" coveredconditionals="0" statements="1" coveredstatements="0" elements="2" coveredelements="0"/>
      </class>
      <class name="Phlex\Common\Logger\HasLogger" namespace="global">
        <metrics complexity="3" methods="2" coveredmethods="0" conditionals="0" coveredconditionals="0" statements="4" coveredstatements="0" elements="6" coveredelements="0"/>
      </class>
      <line num="23" type="method" name="__construct" visibility="private" complexity="1" crap="2" count="0"/>
      <line num="26" type="stmt" count="0"/>
      <line num="36" type="method" name="setLogger" visibility="protected" complexity="1" crap="2" count="0"/>
      <line num="38" type="stmt" count="0"/>
      <line num="41" type="method" name="getLogger" visibility="protected" complexity="2" crap="6" count="0"/>
      <line num="43" type="stmt" count="0"/>
      <line num="44" type="stmt" count="0"/>
      <line num="46" type="stmt" count="0"/>
      <metrics loc="48" ncloc="41" classes="2" methods="3" coveredmethods="0" conditionals="0" coveredconditionals="0" statements="5" coveredstatements="0" elements="8" coveredelements="0"/>
    </file>
    <file name="/home/sites/phlex/src/Common/Logger/LoggerFactory.php">
      <class name="Phlex\Common\Logger\LoggerFactory" namespace="global">
        <metrics complexity="4" methods="3" coveredmethods="2" conditionals="0" coveredconditionals="0" statements="6" coveredstatements="5" elements="9" coveredelements="7"/>
      </class>
      <line num="10" type="method" name="init" visibility="public" complexity="1" crap="1" count="47"/>
      <line num="12" type="stmt" count="47"/>
      <line num="15" type="method" name="get" visibility="public" complexity="2" crap="2" count="30"/>
      <line num="17" type="stmt" count="30"/>
      <line num="18" type="stmt" count="1"/>
      <line num="19" type="stmt" count="1"/>
      <line num="21" type="stmt" count="30"/>
      <line num="24" type="method" name="reset" visibility="public" complexity="1" crap="2" count="0"/>
      <line num="26" type="stmt" count="0"/>
      <metrics loc="28" ncloc="28" classes="1" methods="3" coveredmethods="2" conditionals="0" coveredconditionals="0" statements="6" coveredstatements="5" elements="9" coveredelements="7"/>
    </file>
    <file name="/home/sites/phlex/src/Common/Logger/StructuredLogger.php">
      <class name="Phlex\Common\Logger\StructuredLogger" namespace="global">
        <metrics complexity="23" methods="15" coveredmethods="9" conditionals="0" coveredconditionals="0" statements="70" coveredstatements="39" elements="85" coveredelements="48"/>
      </class>
      <line num="17" type="method" name="__construct" visibility="public" complexity="1" crap="1" count="71"/>
      <line num="19" type="stmt" count="71"/>
      <line num="20" type="stmt" count="71"/>
      <line num="21" type="stmt" count="71"/>
      <line num="23" type="stmt" count="71"/>
      <line num="24" type="stmt" count="71"/>
      <line num="27" type="method" name="setupHandlers" visibility="private" complexity="2" crap="2" count="71"/>
      <line num="29" type="stmt" count="71"/>
      <line num="30" type="stmt" count="71"/>
      <line num="31" type="stmt" count="71"/>
      <line num="32" type="stmt" count="71"/>
      <line num="33" type="stmt" count="71"/>
      <line num="37" type="method" name="createHandler" visibility="private" complexity="6" crap="11.06" count="71"/>
      <line num="39" type="stmt" count="71"/>
      <line num="42" type="stmt" count="71"/>
      <line num="43" type="stmt" count="1"/>
      <line num="44" type="stmt" count="1"/>
      <line num="45" type="stmt" count="1"/>
      <line num="46" type="stmt" count="1"/>
      <line num="47" type="stmt" count="1"/>
      <line num="49" type="stmt" count="70"/>
      <line num="50" type="stmt" count="70"/>
      <line num="51" type="stmt" count="70"/>
      <line num="52" type="stmt" count="70"/>
      <line num="53" type="stmt" count="70"/>
      <line num="55" type="stmt" count="0"/>
      <line num="56" type="stmt" count="0"/>
      <line num="57" type="stmt" count="0"/>
      <line num="58" type="stmt" count="0"/>
      <line num="59" type="stmt" count="0"/>
      <line num="60" type="stmt" count="0"/>
      <line num="62" type="stmt" count="0"/>
      <line num="63" type="stmt" count="0"/>
      <line num="64" type="stmt" count="0"/>
      <line num="65" type="stmt" count="0"/>
      <line num="66" type="stmt" count="0"/>
      <line num="67" type="stmt" count="0"/>
      <line num="70" type="stmt" count="0"/>
      <line num="74" type="method" name="setupProcessors" visibility="private" complexity="3" crap="7.10" count="71"/>
      <line num="76" type="stmt" count="71"/>
      <line num="82" type="stmt" count="71"/>
      <line num="83" type="stmt" count="0"/>
      <line num="86" type="stmt" count="0"/>
      <line num="87" type="stmt" count="0"/>
      <line num="92" type="stmt" count="0"/>
      <line num="94" type="stmt" count="0"/>
      <line num="97" type="stmt" count="71"/>
      <line num="98" type="stmt" count="0"/>
      <line num="101" type="stmt" count="0"/>
      <line num="102" type="stmt" count="0"/>
      <line num="107" type="stmt" count="0"/>
      <line num="109" type="stmt" count="0"/>
      <line num="113" type="method" name="mapLevel" visibility="private" complexity="1" crap="1.09" count="71"/>
      <line num="115" type="stmt" count="71"/>
      <line num="116" type="stmt" count="67"/>
      <line num="117" type="stmt" count="4"/>
      <line num="118" type="stmt" count="0"/>
      <line num="119" type="stmt" count="0"/>
      <line num="120" type="stmt" count="1"/>
      <line num="121" type="stmt" count="0"/>
      <line num="122" type="stmt" count="0"/>
      <line num="123" type="stmt" count="0"/>
      <line num="124" type="stmt" count="71"/>
      <line num="125" type="stmt" count="71"/>
      <line num="128" type="method" name="emergency" visibility="public" complexity="1" crap="2" count="0"/>
      <line num="130" type="stmt" count="0"/>
      <line num="133" type="method" name="alert" visibility="public" complexity="1" crap="2" count="0"/>
      <line num="135" type="stmt" count="0"/>
      <line num="138" type="method" name="critical" visibility="public" complexity="1" crap="1" count="1"/>
      <line num="140" type="stmt" count="1"/>
      <line num="143" type="method" name="error" visibility="public" complexity="1" crap="1" count="2"/>
      <line num="145" type="stmt" count="2"/>
      <line num="148" type="method" name="warning" visibility="public" complexity="1" crap="1" count="7"/>
      <line num="150" type="stmt" count="7"/>
      <line num="153" type="method" name="notice" visibility="public" complexity="1" crap="1" count="1"/>
      <line num="155" type="stmt" count="1"/>
      <line num="158" type="method" name="info" visibility="public" complexity="1" crap="1" count="48"/>
      <line num="160" type="stmt" count="48"/>
      <line num="163" type="method" name="debug" visibility="public" complexity="1" crap="1" count="30"/>
      <line num="165" type="stmt" count="30"/>
      <line num="168" type="method" name="log" visibility="public" complexity="1" crap="1" count="58"/>
      <line num="170" type="stmt" count="58"/>
      <line num="171" type="stmt" count="58"/>
      <line num="174" type="method" name="withContext" visibility="public" complexity="1" crap="2" count="0"/>
      <line num="176" type="stmt" count="0"/>
      <metrics loc="178" ncloc="175" classes="1" methods="15" coveredmethods="9" conditionals="0" coveredconditionals="0" statements="70" coveredstatements="39" elements="85" coveredelements="48"/>
    </file>
    <file name="/home/sites/phlex/src/Dlna/AvTransport.php">
      <class name="Phlex\Dlna\AvTransport" namespace="global">
        <metrics complexity="39" methods="20" coveredmethods="15" conditionals="0" coveredconditionals="0" statements="186" coveredstatements="178" elements="206" coveredelements="193"/>
      </class>
      <class name="Phlex\Dlna\TransportState" namespace="global">
        <metrics complexity="24" methods="24" coveredmethods="22" conditionals="0" coveredconditionals="0" statements="25" coveredstatements="23" elements="49" coveredelements="45"/>
      </class>
      <line num="43" type="method" name="__construct" visibility="public" complexity="1" crap="1" count="40"/>
      <line num="45" type="stmt" count="40"/>
      <line num="51" type="method" name="createDefaultLogger" visibility="private" complexity="2" crap="2" count="19"/>
      <line num="53" type="stmt" count="19"/>
      <line num="54" type="stmt" count="19"/>
      <line num="55" type="stmt" count="19"/>
      <line num="58" type="stmt" count="19"/>
      <line num="59" type="stmt" count="19"/>
      <line num="60" type="stmt" count="19"/>
      <line num="61" type="stmt" count="19"/>
      <line num="62" type="stmt" count="19"/>
      <line num="63" type="stmt" count="19"/>
      <line num="64" type="stmt" count="19"/>
      <line num="65" type="stmt" count="19"/>
      <line num="66" type="stmt" count="19"/>
      <line num="67" type="stmt" count="19"/>
      <line num="68" type="stmt" count="19"/>
      <line num="69" type="stmt" count="19"/>
      <line num="70" type="stmt" count="19"/>
      <line num="71" type="stmt" count="19"/>
      <line num="73" type="stmt" count="19"/>
      <line num="79" type="method" name="getInstance" visibility="public" complexity="2" crap="2" count="19"/>
      <line num="81" type="stmt" count="19"/>
      <line num="82" type="stmt" count="19"/>
      <line num="85" type="stmt" count="19"/>
      <line num="96" type="method" name="setAvTransportUri" visibility="public" complexity="1" crap="1" count="15"/>
      <line num="98" type="stmt" count="15"/>
      <line num="99" type="stmt" count="15"/>
      <line num="100" type="stmt" count="15"/>
      <line num="101" type="stmt" count="15"/>
      <line num="103" type="stmt" count="15"/>
      <line num="106" type="stmt" count="15"/>
      <line num="108" type="stmt" count="15"/>
      <line num="109" type="stmt" count="15"/>
      <line num="110" type="stmt" count="15"/>
      <line num="111" type="stmt" count="15"/>
      <line num="112" type="stmt" count="15"/>
      <line num="114" type="stmt" count="15"/>
      <line num="115" type="stmt" count="15"/>
      <line num="116" type="stmt" count="15"/>
      <line num="126" type="method" name="play" visibility="public" complexity="2" crap="2" count="11"/>
      <line num="128" type="stmt" count="11"/>
      <line num="129" type="stmt" count="11"/>
      <line num="130" type="stmt" count="11"/>
      <line num="131" type="stmt" count="11"/>
      <line num="133" type="stmt" count="11"/>
      <line num="135" type="stmt" count="11"/>
      <line num="136" type="stmt" count="1"/>
      <line num="139" type="stmt" count="10"/>
      <line num="140" type="stmt" count="10"/>
      <line num="141" type="stmt" count="10"/>
      <line num="143" type="stmt" count="10"/>
      <line num="144" type="stmt" count="10"/>
      <line num="145" type="stmt" count="10"/>
      <line num="154" type="method" name="pause" visibility="public" complexity="2" crap="2.00" count="2"/>
      <line num="156" type="stmt" count="2"/>
      <line num="157" type="stmt" count="2"/>
      <line num="158" type="stmt" count="2"/>
      <line num="160" type="stmt" count="2"/>
      <line num="162" type="stmt" count="2"/>
      <line num="163" type="stmt" count="0"/>
      <line num="166" type="stmt" count="2"/>
      <line num="167" type="stmt" count="2"/>
      <line num="169" type="stmt" count="2"/>
      <line num="170" type="stmt" count="2"/>
      <line num="171" type="stmt" count="2"/>
      <line num="180" type="method" name="stop" visibility="public" complexity="1" crap="1" count="1"/>
      <line num="182" type="stmt" count="1"/>
      <line num="183" type="stmt" count="1"/>
      <line num="184" type="stmt" count="1"/>
      <line num="186" type="stmt" count="1"/>
      <line num="188" type="stmt" count="1"/>
      <line num="189" type="stmt" count="1"/>
      <line num="190" type="stmt" count="1"/>
      <line num="192" type="stmt" count="1"/>
      <line num="193" type="stmt" count="1"/>
      <line num="194" type="stmt" count="1"/>
      <line num="205" type="method" name="seek" visibility="public" complexity="5" crap="5.03" count="3"/>
      <line num="207" type="stmt" count="3"/>
      <line num="208" type="stmt" count="3"/>
      <line num="209" type="stmt" count="3"/>
      <line num="210" type="stmt" count="3"/>
      <line num="211" type="stmt" count="3"/>
      <line num="213" type="stmt" count="3"/>
      <line num="215" type="stmt" count="3"/>
      <line num="216" type="stmt" count="0"/>
      <line num="219" type="stmt" count="3"/>
      <line num="221" type="stmt" count="3"/>
      <line num="222" type="stmt" count="0"/>
      <line num="225" type="stmt" count="3"/>
      <line num="226" type="stmt" count="3"/>
      <line num="227" type="stmt" count="1"/>
      <line num="230" type="stmt" count="3"/>
      <line num="231" type="stmt" count="3"/>
      <line num="233" type="stmt" count="3"/>
      <line num="234" type="stmt" count="3"/>
      <line num="235" type="stmt" count="3"/>
      <line num="244" type="method" name="getTransportInfo" visibility="public" complexity="1" crap="1" count="1"/>
      <line num="246" type="stmt" count="1"/>
      <line num="248" type="stmt" count="1"/>
      <line num="249" type="stmt" count="1"/>
      <line num="250" type="stmt" count="1"/>
      <line num="251" type="stmt" count="1"/>
      <line num="252" type="stmt" count="1"/>
      <line num="261" type="method" name="getPositionInfo" visibility="public" complexity="1" crap="1" count="1"/>
      <line num="263" type="stmt" count="1"/>
      <line num="265" type="stmt" count="1"/>
      <line num="266" type="stmt" count="1"/>
      <line num="267" type="stmt" count="1"/>
      <line num="268" type="stmt" count="1"/>
      <line num="270" type="stmt" count="1"/>
      <line num="271" type="stmt" count="1"/>
      <line num="272" type="stmt" count="1"/>
      <line num="273" type="stmt" count="1"/>
      <line num="274" type="stmt" count="1"/>
      <line num="275" type="stmt" count="1"/>
      <line num="276" type="stmt" count="1"/>
      <line num="277" type="stmt" count="1"/>
      <line num="278" type="stmt" count="1"/>
      <line num="279" type="stmt" count="1"/>
      <line num="288" type="method" name="getMediaInfo" visibility="public" complexity="1" crap="1" count="1"/>
      <line num="290" type="stmt" count="1"/>
      <line num="292" type="stmt" count="1"/>
      <line num="293" type="stmt" count="1"/>
      <line num="294" type="stmt" count="1"/>
      <line num="295" type="stmt" count="1"/>
      <line num="296" type="stmt" count="1"/>
      <line num="297" type="stmt" count="1"/>
      <line num="298" type="stmt" count="1"/>
      <line num="299" type="stmt" count="1"/>
      <line num="300" type="stmt" count="1"/>
      <line num="301" type="stmt" count="1"/>
      <line num="310" type="method" name="getDeviceCapabilities" visibility="public" complexity="1" crap="1" count="1"/>
      <line num="312" type="stmt" count="1"/>
      <line num="313" type="stmt" count="1"/>
      <line num="314" type="stmt" count="1"/>
      <line num="315" type="stmt" count="1"/>
      <line num="316" type="stmt" count="1"/>
      <line num="325" type="method" name="getTransportSettings" visibility="public" complexity="1" crap="1" count="1"/>
      <line num="327" type="stmt" count="1"/>
      <line num="329" type="stmt" count="1"/>
      <line num="330" type="stmt" count="1"/>
      <line num="331" type="stmt" count="1"/>
      <line num="332" type="stmt" count="1"/>
      <line num="342" type="method" name="setPlayMode" visibility="public" complexity="2" crap="2" count="2"/>
      <line num="344" type="stmt" count="2"/>
      <line num="346" type="stmt" count="2"/>
      <line num="347" type="stmt" count="1"/>
      <line num="350" type="stmt" count="1"/>
      <line num="351" type="stmt" count="1"/>
      <line num="352" type="stmt" count="1"/>
      <line num="354" type="stmt" count="1"/>
      <line num="363" type="method" name="getCurrentTransportActions" visibility="public" complexity="4" crap="4" count="1"/>
      <line num="365" type="stmt" count="1"/>
      <line num="366" type="stmt" count="1"/>
      <line num="368" type="stmt" count="1"/>
      <line num="370" type="stmt" count="1"/>
      <line num="371" type="stmt" count="1"/>
      <line num="372" type="stmt" count="1"/>
      <line num="373" type="stmt" count="1"/>
      <line num="374" type="stmt" count="1"/>
      <line num="375" type="stmt" count="1"/>
      <line num="378" type="stmt" count="1"/>
      <line num="379" type="stmt" count="1"/>
      <line num="380" type="stmt" count="1"/>
      <line num="386" type="method" name="parseUriMetadata" visibility="private" complexity="6" crap="6.56" count="15"/>
      <line num="388" type="stmt" count="15"/>
      <line num="389" type="stmt" count="12"/>
      <line num="392" type="stmt" count="3"/>
      <line num="395" type="stmt" count="3"/>
      <line num="396" type="stmt" count="0"/>
      <line num="400" type="stmt" count="3"/>
      <line num="401" type="stmt" count="3"/>
      <line num="405" type="stmt" count="3"/>
      <line num="406" type="stmt" count="0"/>
      <line num="410" type="stmt" count="3"/>
      <line num="411" type="stmt" count="0"/>
      <line num="414" type="stmt" count="3"/>
      <line num="420" type="method" name="parseTimeToTicks" visibility="private" complexity="2" crap="2.01" count="3"/>
      <line num="423" type="stmt" count="3"/>
      <line num="425" type="stmt" count="3"/>
      <line num="426" type="stmt" count="0"/>
      <line num="429" type="stmt" count="3"/>
      <line num="430" type="stmt" count="3"/>
      <line num="431" type="stmt" count="3"/>
      <line num="434" type="stmt" count="3"/>
      <line num="436" type="stmt" count="3"/>
      <line num="442" type="method" name="formatTicksToTime" visibility="private" complexity="2" crap="2.01" count="1"/>
      <line num="444" type="stmt" count="1"/>
      <line num="445" type="stmt" count="0"/>
      <line num="449" type="stmt" count="1"/>
      <line num="451" type="stmt" count="1"/>
      <line num="452" type="stmt" count="1"/>
      <line num="453" type="stmt" count="1"/>
      <line num="455" type="stmt" count="1"/>
      <line num="461" type="method" name="createErrorResult" visibility="private" complexity="1" crap="1" count="2"/>
      <line num="463" type="stmt" count="2"/>
      <line num="464" type="stmt" count="2"/>
      <line num="465" type="stmt" count="2"/>
      <line num="466" type="stmt" count="2"/>
      <line num="468" type="stmt" count="2"/>
      <line num="469" type="stmt" count="2"/>
      <line num="470" type="stmt" count="2"/>
      <line num="476" type="method" name="getScpdXml" visibility="public" complexity="1" crap="1" count="2"/>
      <line num="478" type="stmt" count="2"/>
      <line num="964" type="stmt" count="2"/>
      <line num="985" type="method" name="__construct" visibility="public" complexity="1" crap="1" count="19"/>
      <line num="987" type="stmt" count="19"/>
      <line num="990" type="method" name="getInstanceId" visibility="public" complexity="1" crap="1" count="1"/>
      <line num="992" type="stmt" count="1"/>
      <line num="995" type="method" name="getTransportState" visibility="public" complexity="1" crap="1" count="6"/>
      <line num="997" type="stmt" count="6"/>
      <line num="1000" type="method" name="setTransportState" visibility="public" complexity="1" crap="1" count="15"/>
      <line num="1002" type="stmt" count="15"/>
      <line num="1005" type="method" name="getPlaybackSpeed" visibility="public" complexity="1" crap="1" count="2"/>
      <line num="1007" type="stmt" count="2"/>
      <line num="1010" type="method" name="setPlaybackSpeed" visibility="public" complexity="1" crap="1" count="10"/>
      <line num="1012" type="stmt" count="10"/>
      <line num="1015" type="method" name="getMediaUri" visibility="public" complexity="1" crap="1" count="13"/>
      <line num="1017" type="stmt" count="13"/>
      <line num="1020" type="method" name="setMediaUri" visibility="public" complexity="1" crap="1" count="15"/>
      <line num="1022" type="stmt" count="15"/>
      <line num="1025" type="method" name="getMediaMetadata" visibility="public" complexity="1" crap="2" count="0"/>
      <line num="1027" type="stmt" count="0"/>
      <line num="1030" type="method" name="setMediaMetadata" visibility="public" complexity="1" crap="1" count="15"/>
      <line num="1032" type="stmt" count="15"/>
      <line num="1033" type="stmt" count="15"/>
      <line num="1036" type="method" name="getMediaDuration" visibility="public" complexity="1" crap="1" count="3"/>
      <line num="1038" type="stmt" count="3"/>
      <line num="1041" type="method" name="getPosition" visibility="public" complexity="1" crap="1" count="4"/>
      <line num="1043" type="stmt" count="4"/>
      <line num="1046" type="method" name="setPosition" visibility="public" complexity="1" crap="1" count="4"/>
      <line num="1048" type="stmt" count="4"/>
      <line num="1051" type="method" name="getCurrentTrack" visibility="public" complexity="1" crap="1" count="1"/>
      <line num="1053" type="stmt" count="1"/>
      <line num="1056" type="method" name="setCurrentTrack" visibility="public" complexity="1" crap="1" count="15"/>
      <line num="1058" type="stmt" count="15"/>
      <line num="1061" type="method" name="getNrTracks" visibility="public" complexity="1" crap="1" count="1"/>
      <line num="1063" type="stmt" count="1"/>
      <line num="1066" type="method" name="setNrTracks" visibility="public" complexity="1" crap="1" count="15"/>
      <line num="1068" type="stmt" count="15"/>
      <line num="1071" type="method" name="getPlayMode" visibility="public" complexity="1" crap="1" count="1"/>
      <line num="1073" type="stmt" count="1"/>
      <line num="1076" type="method" name="setPlayMode" visibility="public" complexity="1" crap="1" count="1"/>
      <line num="1078" type="stmt" count="1"/>
      <line num="1081" type="method" name="getLastChange" visibility="public" complexity="1" crap="2" count="0"/>
      <line num="1083" type="stmt" count="0"/>
      <line num="1086" type="method" name="setLastChange" visibility="public" complexity="1" crap="1" count="11"/>
      <line num="1088" type="stmt" count="11"/>
      <line num="1091" type="method" name="isPlaying" visibility="public" complexity="1" crap="1" count="1"/>
      <line num="1093" type="stmt" count="1"/>
      <line num="1096" type="method" name="isPaused" visibility="public" complexity="1" crap="1" count="1"/>
      <line num="1098" type="stmt" count="1"/>
      <line num="1101" type="method" name="isStopped" visibility="public" complexity="1" crap="1" count="1"/>
      <line num="1103" type="stmt" count="1"/>
      <metrics loc="1106" ncloc="986" classes="2" methods="44" coveredmethods="37" conditionals="0" coveredconditionals="0" statements="211" coveredstatements="201" elements="255" coveredelements="238"/>
    </file>
    <file name="/home/sites/phlex/src/Dlna/ContentDirectory.php">
      <class name="Phlex\Dlna\ContentDirectory" namespace="global">
        <metrics complexity="70" methods="27" coveredmethods="9" conditionals="0" coveredconditionals="0" statements="317" coveredstatements="166" elements="344" coveredelements="175"/>
      </class>
      <line num="44" type="method" name="__construct" visibility="public" complexity="1" crap="1" count="34"/>
      <line num="46" type="stmt" count="34"/>
      <line num="47" type="stmt" count="34"/>
      <line num="53" type="method" name="createDefaultLogger" visibility="private" complexity="2" crap="2" count="13"/>
      <line num="55" type="stmt" count="13"/>
      <line num="56" type="stmt" count="13"/>
      <line num="57" type="stmt" count="13"/>
      <line num="60" type="stmt" count="13"/>
      <line num="61" type="stmt" count="13"/>
      <line num="62" type="stmt" count="13"/>
      <line num="63" type="stmt" count="13"/>
      <line num="64" type="stmt" count="13"/>
      <line num="65" type="stmt" count="13"/>
      <line num="66" type="stmt" count="13"/>
      <line num="67" type="stmt" count="13"/>
      <line num="68" type="stmt" count="13"/>
      <line num="69" type="stmt" count="13"/>
      <line num="70" type="stmt" count="13"/>
      <line num="71" type="stmt" count="13"/>
      <line num="72" type="stmt" count="13"/>
      <line num="73" type="stmt" count="13"/>
      <line num="75" type="stmt" count="13"/>
      <line num="89" type="method" name="browse" visibility="public" complexity="6" crap="6.01" count="8"/>
      <line num="97" type="stmt" count="8"/>
      <line num="98" type="stmt" count="8"/>
      <line num="99" type="stmt" count="8"/>
      <line num="100" type="stmt" count="8"/>
      <line num="101" type="stmt" count="8"/>
      <line num="102" type="stmt" count="8"/>
      <line num="104" type="stmt" count="8"/>
      <line num="105" type="stmt" count="8"/>
      <line num="107" type="stmt" count="8"/>
      <line num="108" type="stmt" count="6"/>
      <line num="109" type="stmt" count="6"/>
      <line num="113" type="stmt" count="2"/>
      <line num="115" type="stmt" count="2"/>
      <line num="116" type="stmt" count="1"/>
      <line num="119" type="stmt" count="1"/>
      <line num="121" type="stmt" count="0"/>
      <line num="125" type="stmt" count="1"/>
      <line num="139" type="method" name="search" visibility="public" complexity="5" crap="8.12" count="2"/>
      <line num="147" type="stmt" count="2"/>
      <line num="148" type="stmt" count="2"/>
      <line num="149" type="stmt" count="2"/>
      <line num="150" type="stmt" count="2"/>
      <line num="151" type="stmt" count="2"/>
      <line num="156" type="stmt" count="2"/>
      <line num="158" type="stmt" count="1"/>
      <line num="162" type="stmt" count="1"/>
      <line num="164" type="stmt" count="1"/>
      <line num="165" type="stmt" count="1"/>
      <line num="169" type="stmt" count="0"/>
      <line num="171" type="stmt" count="0"/>
      <line num="174" type="stmt" count="0"/>
      <line num="177" type="stmt" count="0"/>
      <line num="179" type="stmt" count="0"/>
      <line num="180" type="stmt" count="0"/>
      <line num="181" type="stmt" count="0"/>
      <line num="182" type="stmt" count="0"/>
      <line num="183" type="stmt" count="0"/>
      <line num="184" type="stmt" count="0"/>
      <line num="190" type="method" name="browseRoot" visibility="private" complexity="2" crap="2" count="6"/>
      <line num="193" type="stmt" count="6"/>
      <line num="195" type="stmt" count="6"/>
      <line num="198" type="stmt" count="6"/>
      <line num="200" type="stmt" count="6"/>
      <line num="202" type="stmt" count="6"/>
      <line num="203" type="stmt" count="6"/>
      <line num="204" type="stmt" count="6"/>
      <line num="205" type="stmt" count="6"/>
      <line num="206" type="stmt" count="6"/>
      <line num="207" type="stmt" count="6"/>
      <line num="213" type="method" name="browseMetadata" visibility="private" complexity="1" crap="2" count="0"/>
      <line num="215" type="stmt" count="0"/>
      <line num="217" type="stmt" count="0"/>
      <line num="218" type="stmt" count="0"/>
      <line num="219" type="stmt" count="0"/>
      <line num="220" type="stmt" count="0"/>
      <line num="221" type="stmt" count="0"/>
      <line num="222" type="stmt" count="0"/>
      <line num="228" type="method" name="browseChildren" visibility="private" complexity="3" crap="3.01" count="1"/>
      <line num="236" type="stmt" count="1"/>
      <line num="239" type="stmt" count="1"/>
      <line num="240" type="stmt" count="0"/>
      <line num="243" type="stmt" count="1"/>
      <line num="246" type="stmt" count="1"/>
      <line num="248" type="stmt" count="1"/>
      <line num="250" type="stmt" count="1"/>
      <line num="251" type="stmt" count="1"/>
      <line num="252" type="stmt" count="1"/>
      <line num="253" type="stmt" count="1"/>
      <line num="254" type="stmt" count="1"/>
      <line num="255" type="stmt" count="1"/>
      <line num="261" type="method" name="getLibraryContainers" visibility="private" complexity="1" crap="1" count="6"/>
      <line num="264" type="stmt" count="6"/>
      <line num="265" type="stmt" count="6"/>
      <line num="266" type="stmt" count="6"/>
      <line num="267" type="stmt" count="6"/>
      <line num="268" type="stmt" count="6"/>
      <line num="269" type="stmt" count="6"/>
      <line num="270" type="stmt" count="6"/>
      <line num="271" type="stmt" count="6"/>
      <line num="272" type="stmt" count="6"/>
      <line num="273" type="stmt" count="6"/>
      <line num="274" type="stmt" count="6"/>
      <line num="275" type="stmt" count="6"/>
[...]
      <line num="232" type="stmt" count="6"/>
      <line num="233" type="stmt" count="6"/>
      <line num="234" type="stmt" count="6"/>
      <line num="240" type="method" name="leaveGroup" visibility="public" complexity="5" crap="5.01" count="5"/>
      <line num="242" type="stmt" count="5"/>
      <line num="244" type="stmt" count="5"/>
      <line num="245" type="stmt" count="1"/>
      <line num="248" type="stmt" count="4"/>
      <line num="250" type="stmt" count="4"/>
      <line num="251" type="stmt" count="0"/>
      <line num="252" type="stmt" count="0"/>
      <line num="255" type="stmt" count="4"/>
      <line num="256" type="stmt" count="4"/>
      <line num="258" type="stmt" count="4"/>
      <line num="259" type="stmt" count="4"/>
      <line num="262" type="stmt" count="4"/>
      <line num="263" type="stmt" count="1"/>
      <line num="264" type="stmt" count="1"/>
      <line num="265" type="stmt" count="3"/>
      <line num="267" type="stmt" count="1"/>
      <line num="268" type="stmt" count="1"/>
      <line num="269" type="stmt" count="1"/>
      <line num="270" type="stmt" count="1"/>
      <line num="271" type="stmt" count="1"/>
      <line num="274" type="stmt" count="4"/>
      <line num="275" type="stmt" count="4"/>
      <line num="276" type="stmt" count="4"/>
      <line num="277" type="stmt" count="4"/>
      <line num="279" type="stmt" count="4"/>
      <line num="280" type="stmt" count="4"/>
      <line num="281" type="stmt" count="4"/>
      <line num="282" type="stmt" count="4"/>
      <line num="288" type="method" name="getGroupState" visibility="public" complexity="1" crap="1" count="7"/>
      <line num="290" type="stmt" count="7"/>
      <line num="291" type="stmt" count="7"/>
      <line num="297" type="method" name="listGroups" visibility="public" complexity="2" crap="2" count="1"/>
      <line num="299" type="stmt" count="1"/>
      <line num="301" type="stmt" count="1"/>
      <line num="302" type="stmt" count="1"/>
      <line num="303" type="stmt" count="1"/>
      <line num="304" type="stmt" count="1"/>
      <line num="305" type="stmt" count="1"/>
      <line num="306" type="stmt" count="1"/>
      <line num="307" type="stmt" count="1"/>
      <line num="308" type="stmt" count="1"/>
      <line num="309" type="stmt" count="1"/>
      <line num="312" type="stmt" count="1"/>
      <line num="318" type="method" name="handlePlaybackPlay" visibility="private" complexity="3" crap="12" count="0"/>
      <line num="320" type="stmt" count="0"/>
      <line num="321" type="stmt" count="0"/>
      <line num="322" type="stmt" count="0"/>
      <line num="324" type="stmt" count="0"/>
      <line num="325" type="stmt" count="0"/>
      <line num="326" type="stmt" count="0"/>
      <line num="329" type="stmt" count="0"/>
      <line num="330" type="stmt" count="0"/>
      <line num="331" type="stmt" count="0"/>
      <line num="334" type="stmt" count="0"/>
      <line num="335" type="stmt" count="0"/>
      <line num="337" type="stmt" count="0"/>
      <line num="339" type="stmt" count="0"/>
      <line num="340" type="stmt" count="0"/>
      <line num="341" type="stmt" count="0"/>
      <line num="342" type="stmt" count="0"/>
      <line num="343" type="stmt" count="0"/>
      <line num="349" type="method" name="handlePlaybackPause" visibility="private" complexity="3" crap="12" count="0"/>
      <line num="351" type="stmt" count="0"/>
      <line num="352" type="stmt" count="0"/>
      <line num="353" type="stmt" count="0"/>
      <line num="355" type="stmt" count="0"/>
      <line num="356" type="stmt" count="0"/>
      <line num="357" type="stmt" count="0"/>
      <line num="360" type="stmt" count="0"/>
      <line num="361" type="stmt" count="0"/>
      <line num="362" type="stmt" count="0"/>
      <line num="365" type="stmt" count="0"/>
      <line num="366" type="stmt" count="0"/>
      <line num="368" type="stmt" count="0"/>
      <line num="370" type="stmt" count="0"/>
      <line num="371" type="stmt" count="0"/>
      <line num="372" type="stmt" count="0"/>
      <line num="373" type="stmt" count="0"/>
      <line num="374" type="stmt" count="0"/>
      <line num="380" type="method" name="handlePlaybackSeek" visibility="private" complexity="3" crap="12" count="0"/>
      <line num="382" type="stmt" count="0"/>
      <line num="383" type="stmt" count="0"/>
      <line num="384" type="stmt" count="0"/>
      <line num="386" type="stmt" count="0"/>
      <line num="387" type="stmt" count="0"/>
      <line num="388" type="stmt" count="0"/>
      <line num="391" type="stmt" count="0"/>
      <line num="392" type="stmt" count="0"/>
      <line num="393" type="stmt" count="0"/>
      <line num="396" type="stmt" count="0"/>
      <line num="397" type="stmt" count="0"/>
      <line num="398" type="stmt" count="0"/>
      <line num="400" type="stmt" count="0"/>
      <line num="402" type="stmt" count="0"/>
      <line num="403" type="stmt" count="0"/>
      <line num="404" type="stmt" count="0"/>
      <line num="405" type="stmt" count="0"/>
      <line num="406" type="stmt" count="0"/>
      <line num="407" type="stmt" count="0"/>
      <line num="413" type="method" name="handlePlaybackQueue" visibility="private" complexity="4" crap="20" count="0"/>
      <line num="415" type="stmt" count="0"/>
      <line num="416" type="stmt" count="0"/>
      <line num="417" type="stmt" count="0"/>
      <line num="419" type="stmt" count="0"/>
      <line num="420" type="stmt" count="0"/>
      <line num="421" type="stmt" count="0"/>
      <line num="424" type="stmt" count="0"/>
      <line num="425" type="stmt" count="0"/>
      <line num="426" type="stmt" count="0"/>
      <line num="429" type="stmt" count="0"/>
      <line num="432" type="stmt" count="0"/>
      <line num="433" type="stmt" count="0"/>
      <line num="434" type="stmt" count="0"/>
      <line num="437" type="stmt" count="0"/>
      <line num="438" type="stmt" count="0"/>
      <line num="439" type="stmt" count="0"/>
      <line num="445" type="method" name="handleChatMessage" visibility="private" complexity="3" crap="12" count="0"/>
      <line num="447" type="stmt" count="0"/>
      <line num="448" type="stmt" count="0"/>
      <line num="449" type="stmt" count="0"/>
      <line num="451" type="stmt" count="0"/>
      <line num="452" type="stmt" count="0"/>
      <line num="453" type="stmt" count="0"/>
      <line num="456" type="stmt" count="0"/>
      <line num="457" type="stmt" count="0"/>
      <line num="459" type="stmt" count="0"/>
      <line num="460" type="stmt" count="0"/>
      <line num="463" type="stmt" count="0"/>
      <line num="465" type="stmt" count="0"/>
      <line num="466" type="stmt" count="0"/>
      <line num="467" type="stmt" count="0"/>
      <line num="468" type="stmt" count="0"/>
      <line num="469" type="stmt" count="0"/>
      <line num="470" type="stmt" count="0"/>
      <line num="476" type="method" name="handleTimePing" visibility="private" complexity="1" crap="2" count="0"/>
      <line num="478" type="stmt" count="0"/>
      <line num="479" type="stmt" count="0"/>
      <line num="485" type="method" name="handleGroupCreate" visibility="private" complexity="2" crap="6" count="0"/>
      <line num="487" type="stmt" count="0"/>
      <line num="488" type="stmt" count="0"/>
      <line num="489" type="stmt" count="0"/>
      <line num="490" type="stmt" count="0"/>
      <line num="492" type="stmt" count="0"/>
      <line num="494" type="stmt" count="0"/>
      <line num="495" type="stmt" count="0"/>
      <line num="496" type="stmt" count="0"/>
      <line num="497" type="stmt" count="0"/>
      <line num="498" type="stmt" count="0"/>
      <line num="500" type="stmt" count="0"/>
      <line num="507" type="method" name="handleGroupJoin" visibility="private" complexity="2" crap="6" count="0"/>
      <line num="509" type="stmt" count="0"/>
      <line num="510" type="stmt" count="0"/>
      <line num="511" type="stmt" count="0"/>
      <line num="512" type="stmt" count="0"/>
      <line num="514" type="stmt" count="0"/>
      <line num="516" type="stmt" count="0"/>
      <line num="517" type="stmt" count="0"/>
      <line num="518" type="stmt" count="0"/>
      <line num="519" type="stmt" count="0"/>
      <line num="520" type="stmt" count="0"/>
      <line num="522" type="stmt" count="0"/>
      <line num="529" type="method" name="handleGroupLeave" visibility="private" complexity="2" crap="6" count="0"/>
      <line num="531" type="stmt" count="0"/>
      <line num="533" type="stmt" count="0"/>
      <line num="535" type="stmt" count="0"/>
      <line num="536" type="stmt" count="0"/>
      <line num="537" type="stmt" count="0"/>
      <line num="538" type="stmt" count="0"/>
      <line num="540" type="stmt" count="0"/>
      <line num="547" type="method" name="broadcastToGroup" visibility="private" complexity="6" crap="25.72" count="6"/>
      <line num="549" type="stmt" count="6"/>
      <line num="550" type="stmt" count="6"/>
      <line num="553" type="stmt" count="0"/>
      <line num="554" type="stmt" count="0"/>
      <line num="555" type="stmt" count="0"/>
      <line num="558" type="stmt" count="0"/>
      <line num="559" type="stmt" count="0"/>
      <line num="560" type="stmt" count="0"/>
      <line num="563" type="stmt" count="0"/>
      <line num="564" type="stmt" count="0"/>
      <line num="565" type="stmt" count="0"/>
      <line num="573" type="method" name="sendError" visibility="private" complexity="1" crap="2" count="0"/>
      <line num="575" type="stmt" count="0"/>
      <line num="576" type="stmt" count="0"/>
      <line num="577" type="stmt" count="0"/>
      <line num="578" type="stmt" count="0"/>
      <line num="584" type="method" name="getTimeSync" visibility="public" complexity="1" crap="1" count="1"/>
      <line num="586" type="stmt" count="1"/>
      <line num="592" type="method" name="getMemberGroup" visibility="public" complexity="1" crap="1" count="2"/>
      <line num="594" type="stmt" count="2"/>
      <line num="600" type="method" name="generateGroupId" visibility="private" complexity="1" crap="1" count="18"/>
      <line num="602" type="stmt" count="18"/>
      <line num="608" type="method" name="cleanupStaleGroups" visibility="public" complexity="4" crap="7.18" count="1"/>
      <line num="610" type="stmt" count="1"/>
      <line num="611" type="stmt" count="1"/>
      <line num="613" type="stmt" count="1"/>
      <line num="614" type="stmt" count="1"/>
      <line num="616" type="stmt" count="0"/>
      <line num="617" type="stmt" count="0"/>
      <line num="618" type="stmt" count="0"/>
      <line num="621" type="stmt" count="0"/>
      <line num="622" type="stmt" count="0"/>
      <line num="625" type="stmt" count="0"/>
      <line num="626" type="stmt" count="0"/>
      <line num="630" type="stmt" count="1"/>
      <line num="636" type="method" name="getStats" visibility="public" complexity="1" crap="1" count="1"/>
      <line num="638" type="stmt" count="1"/>
      <line num="639" type="stmt" count="1"/>
      <line num="640" type="stmt" count="1"/>
      <line num="641" type="stmt" count="1"/>
      <line num="642" type="stmt" count="1"/>
      <line num="648" type="method" name="log" visibility="private" complexity="2" crap="2.15" count="18"/>
      <line num="650" type="stmt" count="18"/>
      <line num="651" type="stmt" count="18"/>
      <line num="654" type="stmt" count="0"/>
      <metrics loc="657" ncloc="564" classes="1" methods="26" coveredmethods="7" conditionals="0" coveredconditionals="0" statements="306" coveredstatements="111" elements="332" coveredelements="118"/>
    </file>
    <file name="/home/sites/phlex/src/Session/SyncPlay/TimeSync.php">
      <class name="Phlex\Session\SyncPlay\TimeSync" namespace="global">
        <metrics complexity="32" methods="21" coveredmethods="19" conditionals="0" coveredconditionals="0" statements="111" coveredstatements="107" elements="132" coveredelements="126"/>
      </class>
      <line num="36" type="method" name="__construct" visibility="public" complexity="1" crap="1" count="45"/>
      <line num="40" type="stmt" count="45"/>
      <line num="45" type="method" name="getProtocolVersion" visibility="public" complexity="1" crap="1" count="1"/>
      <line num="47" type="stmt" count="1"/>
      <line num="53" type="method" name="getPort" visibility="public" complexity="1" crap="1" count="1"/>
      <line num="55" type="stmt" count="1"/>
      <line num="61" type="method" name="getHost" visibility="public" complexity="1" crap="1" count="1"/>
      <line num="63" type="stmt" count="1"/>
      <line num="72" type="method" name="processPing" visibility="public" complexity="1" crap="1" count="1"/>
      <line num="74" type="stmt" count="1"/>
      <line num="75" type="stmt" count="1"/>
      <line num="77" type="stmt" count="1"/>
      <line num="78" type="stmt" count="1"/>
      <line num="79" type="stmt" count="1"/>
      <line num="80" type="stmt" count="1"/>
      <line num="81" type="stmt" count="1"/>
      <line num="82" type="stmt" count="1"/>
      <line num="91" type="method" name="processPong" visibility="public" complexity="1" crap="1" count="4"/>
      <line num="93" type="stmt" count="4"/>
      <line num="94" type="stmt" count="4"/>
      <line num="95" type="stmt" count="4"/>
      <line num="96" type="stmt" count="4"/>
      <line num="99" type="stmt" count="4"/>
      <line num="100" type="stmt" count="4"/>
      <line num="104" type="stmt" count="4"/>
      <line num="107" type="stmt" count="4"/>
      <line num="110" type="stmt" count="4"/>
      <line num="112" type="stmt" count="4"/>
      <line num="113" type="stmt" count="4"/>
      <line num="114" type="stmt" count="4"/>
      <line num="115" type="stmt" count="4"/>
      <line num="116" type="stmt" count="4"/>
      <line num="117" type="stmt" count="4"/>
      <line num="123" type="method" name="addOffsetSample" visibility="private" complexity="3" crap="3.10" count="4"/>
      <line num="126" type="stmt" count="4"/>
      <line num="127" type="stmt" count="0"/>
      <line num="130" type="stmt" count="4"/>
      <line num="131" type="stmt" count="4"/>
      <line num="132" type="stmt" count="4"/>
      <line num="133" type="stmt" count="4"/>
      <line num="134" type="stmt" count="4"/>
      <line num="137" type="stmt" count="4"/>
      <line num="138" type="stmt" count="0"/>
      <line num="145" type="method" name="updateDriftRate" visibility="private" complexity="4" crap="4.06" count="4"/>
      <line num="147" type="stmt" count="4"/>
      <line num="148" type="stmt" count="4"/>
      <line num="151" type="stmt" count="1"/>
      <line num="153" type="stmt" count="1"/>
      <line num="154" type="stmt" count="0"/>
      <line num="157" type="stmt" count="1"/>
      <line num="158" type="stmt" count="1"/>
      <line num="160" type="stmt" count="1"/>
      <line num="161" type="stmt" count="1"/>
      <line num="162" type="stmt" count="0"/>
      <line num="165" type="stmt" count="1"/>
      <line num="167" type="stmt" count="1"/>
      <line num="170" type="stmt" count="1"/>
      <line num="176" type="method" name="getTimeOffset" visibility="public" complexity="3" crap="3" count="11"/>
      <line num="178" type="stmt" count="11"/>
      <line num="179" type="stmt" count="8"/>
      <line num="183" type="stmt" count="4"/>
      <line num="184" type="stmt" count="4"/>
      <line num="186" type="stmt" count="4"/>
      <line num="188" type="stmt" count="4"/>
      <line num="189" type="stmt" count="4"/>
      <line num="190" type="stmt" count="4"/>
      <line num="191" type="stmt" count="4"/>
      <line num="194" type="stmt" count="4"/>
      <line num="200" type="method" name="getEstimatedLatency" visibility="public" complexity="3" crap="3" count="7"/>
      <line num="202" type="stmt" count="7"/>
      <line num="203" type="stmt" count="4"/>
      <line num="206" type="stmt" count="4"/>
      <line num="208" type="stmt" count="4"/>
      <line num="209" type="stmt" count="4"/>
      <line num="211" type="stmt" count="4"/>
      <line num="212" type="stmt" count="4"/>
      <line num="213" type="stmt" count="4"/>
      <line num="216" type="stmt" count="4"/>
      <line num="222" type="method" name="isSyncStable" visibility="public" complexity="3" crap="3" count="7"/>
      <line num="224" type="stmt" count="7"/>
      <line num="225" type="stmt" count="7"/>
      <line num="228" type="stmt" count="1"/>
      <line num="230" type="stmt" count="1"/>
      <line num="231" type="stmt" count="1"/>
      <line num="233" type="stmt" count="1"/>
      <line num="234" type="stmt" count="1"/>
      <line num="235" type="stmt" count="1"/>
      <line num="236" type="stmt" count="1"/>
      <line num="238" type="stmt" count="1"/>
      <line num="241" type="stmt" count="1"/>
      <line num="247" type="method" name="getDriftRate" visibility="public" complexity="1" crap="1" count="3"/>
      <line num="249" type="stmt" count="3"/>
      <line num="255" type="method" name="getSynchronizedTime" visibility="public" complexity="1" crap="1" count="2"/>
      <line num="257" type="stmt" count="2"/>
      <line num="258" type="stmt" count="2"/>
      <line num="264" type="method" name="localToSynchronized" visibility="public" complexity="1" crap="1" count="1"/>
      <line num="266" type="stmt" count="1"/>
      <line num="272" type="method" name="synchronizedToLocal" visibility="public" complexity="1" crap="1" count="1"/>
      <line num="274" type="stmt" count="1"/>
      <line num="284" type="method" name="applyDriftCorrection" visibility="public" complexity="1" crap="1" count="1"/>
      <line num="286" type="stmt" count="1"/>
      <line num="287" type="stmt" count="1"/>
      <line num="297" type="method" name="adjustPlaybackPosition" visibility="public" complexity="1" crap="1" count="1"/>
      <line num="299" type="stmt" count="1"/>
      <line num="300" type="stmt" count="1"/>
      <line num="302" type="stmt" count="1"/>
      <line num="305" type="stmt" count="1"/>
      <line num="311" type="method" name="reset" visibility="public" complexity="1" crap="1" count="1"/>
      <line num="313" type="stmt" count="1"/>
      <line num="314" type="stmt" count="1"/>
      <line num="315" type="stmt" count="1"/>
      <line num="316" type="stmt" count="1"/>
      <line num="317" type="stmt" count="1"/>
      <line num="323" type="method" name="getStatus" visibility="public" complexity="1" crap="1" count="2"/>
      <line num="325" type="stmt" count="2"/>
      <line num="326" type="stmt" count="2"/>
      <line num="327" type="stmt" count="2"/>
      <line num="328" type="stmt" count="2"/>
      <line num="329" type="stmt" count="2"/>
      <line num="330" type="stmt" count="2"/>
      <line num="331" type="stmt" count="2"/>
      <line num="332" type="stmt" count="2"/>
      <line num="338" type="method" name="serialize" visibility="public" complexity="1" crap="1" count="1"/>
      <line num="340" type="stmt" count="1"/>
      <line num="341" type="stmt" count="1"/>
      <line num="342" type="stmt" count="1"/>
      <line num="343" type="stmt" count="1"/>
      <line num="344" type="stmt" count="1"/>
      <line num="350" type="method" name="unserialize" visibility="public" complexity="1" crap="1" count="1"/>
      <line num="352" type="stmt" count="1"/>
      <line num="353" type="stmt" count="1"/>
      <line num="354" type="stmt" count="1"/>
      <metrics loc="357" ncloc="261" classes="1" methods="21" coveredmethods="19" conditionals="0" coveredconditionals="0" statements="111" coveredstatements="107" elements="132" coveredelements="126"/>
    </file>
    <metrics files="60" loc="17452" ncloc="13771" classes="59" methods="838" coveredmethods="370" conditionals="0" coveredconditionals="0" statements="6210" coveredstatements="2963" elements="7048" coveredelements="3333"/>
  </project>
</coverage>
